Can Fix: Armstrong, Joni
Can Fix: Blocker, Felicia
Can Fix: Bonner, Arica
Can Fix: Bright, Kim
Can Fix: Click, Jennifer
Can Fix: Colburn, Lisa
Can Fix: Crespo, Anita
Can Fix: Demares, Ryan
Can Fix: Duke, David
Can Fix: Durante, Monica
Can Fix: Ferry, Kathleen
Can Fix: Goldenberg, Dianne
Can Fix: Gonzalez, Elliot
Can Fix: Graham, Eboney
Can Fix: Green, Racquelle
Can Fix: Innis, Shaun
Can Fix: James, Felicia
Can Fix: Jones, Brandi
Can Fix: McEachin, Jean
Can Fix: Mcneil, Kimberly
Can Fix: Mills, Marie
Can Fix: Morehouse, Roxanne
Can Fix: Poovey, Tanya
Can Fix: Scott, Frances
Can Fix: Scott, Monica
Can Fix: Secretan, Chloe
Can Fix: Thomas, Cornell
Can Fix: Tiller, Frances
Can Fix: Torres, Pamela
Can Fix: Townsend, Sue
Can Fix: Villa, Tamara
Can Fix: Wells, Dream
Can Fix: Wiggins, Tiffany
Must fix manually ---------------> Dire, Tonette
Can Fix: Burham, Robert
Can Fix: Champlin, Brandon
Can Fix: Deaner, Sylvester
Must fix manually ---------------> Strub Jr., Joseph
Must fix manually ---------------> Park, Sunyoung
Must fix manually ---------------> Pina, Elias
Must fix manually ---------------> Hanna, Christopher
Must fix manually ---------------> Hathaway Sr, Edward
Can Fix: Rodriguez, Rosa
Can Fix: Sawyer, Tracy
Can Fix: Shumaker, Aubrey
Can Fix: Smeaton, Lee
Can Fix: Smith, Linda
Can Fix: Stanley, Ronald
Can Fix: Ward, Catherine
Can Fix: Wells, Donna
Can Fix: Rivadeneyra, Maria
Can Fix: Bloise, Marietta
Can Fix: Downey, Cindy
Can Fix: Ehrhardt, Michael
Can Fix: Hyatt, John
Can Fix: Kuehneman, Doug
Can Fix: Pina, Daniel
Can Fix: Reeves, Eli
Must fix manually ---------------> Hannifin Jr., Edward
Must fix manually ---------------> Moreno Valles, Zaira
Must fix manually ---------------> Ray, Jennifer
Must fix manually ---------------> Salinas-Elston, Chelonda
Must fix manually ---------------> Baker, Kyle
Must fix manually ---------------> Capps, Ronald
Must fix manually ---------------> Chostner, Elsie-May
Must fix manually ---------------> DePascal, Aliana
Can Fix: Wagner, Warren
Can Fix: Adams, Evan
Can Fix: Black, Janie
Can Fix: Childs, Erick
Can Fix: Day, Chris
Can Fix: Farmer, Danielle
Can Fix: Gibbons, Brett
Can Fix: Greenberg, Stephen
Can Fix: Hewitt, Michael
Can Fix: Hughes, Darrien
Can Fix: Kirkpatrick, Thomas
Can Fix: Martinez, Said
Can Fix: McClinton, Dana
Can Fix: McGinn, Austin
Can Fix: Miczek, Natasha
Can Fix: Moore, Kristen
Can Fix: Piech, Dell
Can Fix: Price, Willisha
Can Fix: Riggins, Janay
Can Fix: Schablow, Amanda
Can Fix: Tokihiro, Guy
Can Fix: Voss, Heather
Can Fix: Wagner, Kurtis
Can Fix: Ames, Anne
Can Fix: Anderson, Torrance
Can Fix: Crawford, Allyn
Can Fix: Crider, Lorrie
Can Fix: Harris, Daynesha
Can Fix: Hill, Tina
Can Fix: Hollis, Margaret
Can Fix: Jackson, Christina
Must fix manually ---------------> Johnson, Mary
Can Fix: Lawrence, Christopher
Can Fix: Lawrence, Ian
Can Fix: Maron, Michelle
Can Fix: Miller, Cody
Can Fix: Palmeri, John
Can Fix: Ramirez, Isaac
Can Fix: Rivadeneira, Cassandra
Can Fix: Rockwell, Carol
Can Fix: Bassett, Lacey
Can Fix: Candelaria, Vicky
Can Fix: Devine, Melissa
Can Fix: Levy, Charles
Can Fix: Silva, Elisa
Can Fix: Plaza, Angelica
Can Fix: Warden, Cindy
Can Fix: Kim, Sunny
Can Fix: Salgado, Jonathan
Can Fix: Buchak, Nicole
Can Fix: Galindo, Gabrielle
Must fix manually ---------------> Jones, Ebony
Must fix manually ---------------> Lee, Deedee
Must fix manually ---------------> Webb, William
Must fix manually ---------------> Futrell, Tracie-Jo
Can Fix: Armel, Jennifer
Can Fix: Davis, Robert
Can Fix: Hathaway, Vivian
Can Fix: Robbins, John
Can Fix: Wallace, John
Can Fix: Armstrong, James
Can Fix: Mast, Courtney
Can Fix: McKinney, Michaela
Can Fix: Escarcega, Ceidy
Can Fix: Schladt, Debra
Can Fix: Vallejo, Samuel
Can Fix: Gosnell, Jeremy
Can Fix: Nicolas, Johnny
Can Fix: Sbordoni, Joseph
Can Fix: Smith, Ethan
Can Fix: Travis, Tim
Can Fix: Ayala, Jorge
Can Fix: Duenas, Alexander
Can Fix: Egleston, Timothy
Can Fix: Enos, Mariann
Can Fix: Farmer, James
Can Fix: Frey, Robert
Can Fix: Gunter, Jennifer
Can Fix: Martin, Lashonda
Can Fix: Martinez, Manny
Can Fix: Mendez, Sandra
Can Fix: Miczek, Nicole
Can Fix: Riley, Steven
Can Fix: Rossi, Michael
Can Fix: Salazar, Laura
Can Fix: Sauer, Thomas
Can Fix: Saxton, Lamond
Can Fix: Thar, Diana
Can Fix: Wager, Oscar
Can Fix: Zanders, Justin
Can Fix: Benedict, Daniel
BAD ERROR ******************* Cronk, Chad
Can Fix: Hollenbeck, Crystal
Can Fix: Lanakai, Diem
Can Fix: Powell, Brent
Can Fix: Zervakos, William
Can Fix: Chambers, Colleen
Can Fix: Hetu, Crystal
Can Fix: Olivas, Julio
Can Fix: Strother, Chris
Can Fix: Valadez, Antonio
Can Fix: Braaten, Randy
Can Fix: Bruno, Melissa
Can Fix: Elam, Richard
Can Fix: Huckins, Bradford
Can Fix: Jeffers, Meghan
Can Fix: Winger, Samuel
Can Fix: Jondreau, Caryn
Can Fix: McGaughy, Grant
Can Fix: Sovereign, Sarah
Can Fix: Breha, Rebecca
Can Fix: Lozano, Deborah
Can Fix: Rolon, Rebecca
Can Fix: Fox, Thomas
Can Fix: Jinich, Ruben
Can Fix: Ladue, Nancy
Can Fix: Rudd, Robert
Can Fix: Huysman, Chris
Can Fix: Goldberg, Brad
Can Fix: Sermeno, David
Can Fix: Kim, Youngbin
Can Fix: Tache, Rachel
Can Fix: Eason, Michael
Can Fix: Dugall, Aaron