trying 2131733
{"Nitro":{"res":"ok","method":"user.awardChallenge","server":"s2nitro01.prod.inapus.bunchball.net/nitro5.0.0","Achievements":{"tags":"","value":"1","challengesAchieved":{"ChallengeAchieved":{"fullUrl":"https://s3.amazonaws.com/bunchball_images/814a39fc7e5f43118553997519f44f41/finalassessmentpng14d6c02fd93.png","description":"Pass Final Assessment!","catalogItems":true,"repeatable":"0","name":"Final Assessment","pointsRewards":{"PointReward":{"points":"15","pointCategory":"Telstra Points"}},"points":"15","pointCategory":"Telstra Points"}},"points":"15"}}}
trying 2131733
{"Nitro":{"res":"ok","method":"user.awardChallenge","server":"s2nitro01.prod.inapus.bunchball.net/nitro5.0.0","Achievements":{"tags":"","value":"1","challengesAchieved":{"ChallengeAchieved":{"fullUrl":"https://s3.amazonaws.com/bunchball_images/814a39fc7e5f43118553997519f44f41/day4AQpng14de34eafd3.png","description":"Passing 4th day QA score!","catalogItems":true,"repeatable":"0","name":"4th Day QA","pointsRewards":{"PointReward":{"points":"25","pointCategory":"Points"}},"points":"25","pointCategory":"Points"}},"points":"25"}}}
trying 2110019
{"Nitro":{"res":"ok","method":"user.awardChallenge","server":"s2nitro01.prod.inapus.bunchball.net/nitro5.0.0","Achievements":{"tags":"","value":"1","challengesAchieved":{"ChallengeAchieved":{"fullUrl":"https://s3.amazonaws.com/bunchball_images/814a39fc7e5f43118553997519f44f41/finalassessmentpng14d6c02fd93.png","description":"Pass Final Assessment!","catalogItems":true,"repeatable":"0","name":"Final Assessment","pointsRewards":{"PointReward":{"points":"15","pointCategory":"Telstra Points"}},"points":"15","pointCategory":"Telstra Points"}},"points":"15"}}}
trying 2110019
{"Nitro":{"res":"ok","method":"user.awardChallenge","server":"s2nitro03.prod.inapus.bunchball.net/nitro5.0.0","Achievements":{"tags":"","value":"1","challengesAchieved":{"ChallengeAchieved":{"fullUrl":"https://s3.amazonaws.com/bunchball_images/814a39fc7e5f43118553997519f44f41/perfectscoreassignmentpng14d6c032d71.png","description":"Get a perfect score!","catalogItems":true,"repeatable":"1","name":"Perfect score on Assessment","pointsRewards":{"PointReward":{"points":"10","pointCategory":"Telstra Points"}},"points":"10","pointCategory":"Telstra Points"}},"points":"10"}}}
trying 2110019
{"Nitro":{"res":"ok","method":"user.awardChallenge","server":"s2nitro01.prod.inapus.bunchball.net/nitro5.0.0","Achievements":{"tags":"","value":"1","challengesAchieved":{"ChallengeAchieved":{"fullUrl":"https://s3.amazonaws.com/bunchball_images/814a39fc7e5f43118553997519f44f41/day4attendancepng14de34e89e1.png","description":"On time for 4th day!","catalogItems":true,"repeatable":"0","name":"4 Days of Attendance","pointsRewards":{"PointReward":{"points":"10","pointCategory":"Points"}},"points":"10","pointCategory":"Points"}},"points":"10"}}}
trying 2131715
{"Nitro":{"res":"ok","method":"user.awardChallenge","server":"s2nitro01.prod.inapus.bunchball.net/nitro5.0.0","Achievements":{"tags":"","value":"1","challengesAchieved":{"ChallengeAchieved":{"fullUrl":"https://s3.amazonaws.com/bunchball_images/814a39fc7e5f43118553997519f44f41/finalassessmentpng14d6c02fd93.png","description":"Pass Final Assessment!","catalogItems":true,"repeatable":"0","name":"Final Assessment","pointsRewards":{"PointReward":{"points":"15","pointCategory":"Telstra Points"}},"points":"15","pointCategory":"Telstra Points"}},"points":"15"}}}
trying 2131715
{"Nitro":{"res":"ok","method":"user.awardChallenge","server":"s2nitro03.prod.inapus.bunchball.net/nitro5.0.0","Achievements":{"tags":"","value":"1","challengesAchieved":{"ChallengeAchieved":{"fullUrl":"https://s3.amazonaws.com/bunchball_images/814a39fc7e5f43118553997519f44f41/perfectscoreassignmentpng14d6c032d71.png","description":"Get a perfect score!","catalogItems":true,"repeatable":"1","name":"Perfect score on Assessment","pointsRewards":{"PointReward":{"points":"10","pointCategory":"Telstra Points"}},"points":"10","pointCategory":"Telstra Points"}},"points":"10"}}}
trying 2131715
{"Nitro":{"res":"ok","method":"user.awardChallenge","server":"s2nitro03.prod.inapus.bunchball.net/nitro5.0.0","Achievements":{"tags":"","value":"1","challengesAchieved":{"ChallengeAchieved":{"fullUrl":"https://s3.amazonaws.com/bunchball_images/814a39fc7e5f43118553997519f44f41/day4attendancepng14de34e89e1.png","description":"On time for 4th day!","catalogItems":true,"repeatable":"0","name":"4 Days of Attendance","pointsRewards":{"PointReward":{"points":"10","pointCategory":"Points"}},"points":"10","pointCategory":"Points"}},"points":"10"}}}
trying 2128245
{"Nitro":{"res":"ok","method":"user.awardChallenge","server":"s2nitro03.prod.inapus.bunchball.net/nitro5.0.0","Achievements":{"tags":"","value":"1","challengesAchieved":{"ChallengeAchieved":{"fullUrl":"https://s3.amazonaws.com/bunchball_images/814a39fc7e5f43118553997519f44f41/finalassessmentpng14d6c02fd93.png","description":"Pass Final Assessment!","catalogItems":true,"repeatable":"0","name":"Final Assessment","pointsRewards":{"PointReward":{"points":"15","pointCategory":"Telstra Points"}},"points":"15","pointCategory":"Telstra Points"}},"points":"15"}}}
trying 2128245
{"Nitro":{"res":"ok","method":"user.awardChallenge","server":"s2nitro00.prod.inapus.bunchball.net/nitro5.0.0","Achievements":{"tags":"","value":"1","challengesAchieved":{"ChallengeAchieved":{"fullUrl":"https://s3.amazonaws.com/bunchball_images/814a39fc7e5f43118553997519f44f41/perfectscoreassignmentpng14d6c032d71.png","description":"Get a perfect score!","catalogItems":true,"repeatable":"1","name":"Perfect score on Assessment","pointsRewards":{"PointReward":{"points":"10","pointCategory":"Telstra Points"}},"points":"10","pointCategory":"Telstra Points"}},"points":"10"}}}
trying 2128245
{"Nitro":{"res":"ok","method":"user.awardChallenge","server":"s2nitro01.prod.inapus.bunchball.net/nitro5.0.0","Achievements":{"tags":"","value":"1","challengesAchieved":{"ChallengeAchieved":{"fullUrl":"https://s3.amazonaws.com/bunchball_images/814a39fc7e5f43118553997519f44f41/day4attendancepng14de34e89e1.png","description":"On time for 4th day!","catalogItems":true,"repeatable":"0","name":"4 Days of Attendance","pointsRewards":{"PointReward":{"points":"10","pointCategory":"Points"}},"points":"10","pointCategory":"Points"}},"points":"10"}}}
trying 2126106
{"Nitro":{"res":"ok","method":"user.awardChallenge","server":"s2nitro00.prod.inapus.bunchball.net/nitro5.0.0","Achievements":{"tags":"","value":"1","challengesAchieved":{"ChallengeAchieved":{"fullUrl":"https://s3.amazonaws.com/bunchball_images/814a39fc7e5f43118553997519f44f41/finalassessmentpng14d6c02fd93.png","description":"Pass Final Assessment!","catalogItems":true,"repeatable":"0","name":"Final Assessment","pointsRewards":{"PointReward":{"points":"15","pointCategory":"Telstra Points"}},"points":"15","pointCategory":"Telstra Points"}},"points":"15"}}}
trying 2126106
{"Nitro":{"res":"ok","method":"user.awardChallenge","server":"s2nitro03.prod.inapus.bunchball.net/nitro5.0.0","Achievements":{"tags":"","value":"1","challengesAchieved":{"ChallengeAchieved":{"fullUrl":"https://s3.amazonaws.com/bunchball_images/814a39fc7e5f43118553997519f44f41/perfectscoreassignmentpng14d6c032d71.png","description":"Get a perfect score!","catalogItems":true,"repeatable":"1","name":"Perfect score on Assessment","pointsRewards":{"PointReward":{"points":"10","pointCategory":"Telstra Points"}},"points":"10","pointCategory":"Telstra Points"}},"points":"10"}}}
trying 2126106
{"Nitro":{"res":"ok","method":"user.awardChallenge","server":"s2nitro01.prod.inapus.bunchball.net/nitro5.0.0","Achievements":{"tags":"","value":"1","challengesAchieved":{"ChallengeAchieved":{"fullUrl":"https://s3.amazonaws.com/bunchball_images/814a39fc7e5f43118553997519f44f41/day4attendancepng14de34e89e1.png","description":"On time for 4th day!","catalogItems":true,"repeatable":"0","name":"4 Days of Attendance","pointsRewards":{"PointReward":{"points":"10","pointCategory":"Points"}},"points":"10","pointCategory":"Points"}},"points":"10"}}}
trying 2129319
{"Nitro":{"res":"ok","method":"user.awardChallenge","server":"s2nitro01.prod.inapus.bunchball.net/nitro5.0.0","Achievements":{"tags":"","value":"1","challengesAchieved":{"ChallengeAchieved":{"fullUrl":"https://s3.amazonaws.com/bunchball_images/814a39fc7e5f43118553997519f44f41/finalassessmentpng14d6c02fd93.png","description":"Pass Final Assessment!","catalogItems":true,"repeatable":"0","name":"Final Assessment","pointsRewards":{"PointReward":{"points":"15","pointCategory":"Telstra Points"}},"points":"15","pointCategory":"Telstra Points"}},"points":"15"}}}
trying 2129319
{"Nitro":{"res":"ok","method":"user.awardChallenge","server":"s2nitro03.prod.inapus.bunchball.net/nitro5.0.0","Achievements":{"tags":"","value":"1","challengesAchieved":{"ChallengeAchieved":{"fullUrl":"https://s3.amazonaws.com/bunchball_images/814a39fc7e5f43118553997519f44f41/perfectscoreassignmentpng14d6c032d71.png","description":"Get a perfect score!","catalogItems":true,"repeatable":"1","name":"Perfect score on Assessment","pointsRewards":{"PointReward":{"points":"10","pointCategory":"Telstra Points"}},"points":"10","pointCategory":"Telstra Points"}},"points":"10"}}}
trying 2129319
{"Nitro":{"res":"ok","method":"user.awardChallenge","server":"s2nitro00.prod.inapus.bunchball.net/nitro5.0.0","Achievements":{"tags":"","value":"1","challengesAchieved":{"ChallengeAchieved":{"fullUrl":"https://s3.amazonaws.com/bunchball_images/814a39fc7e5f43118553997519f44f41/day4attendancepng14de34e89e1.png","description":"On time for 4th day!","catalogItems":true,"repeatable":"0","name":"4 Days of Attendance","pointsRewards":{"PointReward":{"points":"10","pointCategory":"Points"}},"points":"10","pointCategory":"Points"}},"points":"10"}}}
trying 2129319
{"Nitro":{"res":"ok","method":"user.awardChallenge","server":"s2nitro03.prod.inapus.bunchball.net/nitro5.0.0","Achievements":{"tags":"","value":"1","challengesAchieved":{"ChallengeAchieved":{"fullUrl":"https://s3.amazonaws.com/bunchball_images/814a39fc7e5f43118553997519f44f41/day4AQpng14de34eafd3.png","description":"Passing 4th day QA score!","catalogItems":true,"repeatable":"0","name":"4th Day QA","pointsRewards":{"PointReward":{"points":"25","pointCategory":"Points"}},"points":"25","pointCategory":"Points"}},"points":"25"}}}
trying 2122301
{"Nitro":{"res":"ok","method":"user.awardChallenge","server":"s2nitro01.prod.inapus.bunchball.net/nitro5.0.0","Achievements":{"tags":"","value":"1","challengesAchieved":{"ChallengeAchieved":{"fullUrl":"https://s3.amazonaws.com/bunchball_images/814a39fc7e5f43118553997519f44f41/finalassessmentpng14d6c02fd93.png","description":"Pass Final Assessment!","catalogItems":true,"repeatable":"0","name":"Final Assessment","pointsRewards":{"PointReward":{"points":"15","pointCategory":"Telstra Points"}},"points":"15","pointCategory":"Telstra Points"}},"points":"15"}}}
trying 2122301
{"Nitro":{"res":"ok","method":"user.awardChallenge","server":"s2nitro03.prod.inapus.bunchball.net/nitro5.0.0","Achievements":{"tags":"","value":"1","challengesAchieved":{"ChallengeAchieved":{"fullUrl":"https://s3.amazonaws.com/bunchball_images/814a39fc7e5f43118553997519f44f41/perfectscoreassignmentpng14d6c032d71.png","description":"Get a perfect score!","catalogItems":true,"repeatable":"1","name":"Perfect score on Assessment","pointsRewards":{"PointReward":{"points":"10","pointCategory":"Telstra Points"}},"points":"10","pointCategory":"Telstra Points"}},"points":"10"}}}
trying 2122301
{"Nitro":{"res":"ok","method":"user.awardChallenge","server":"s2nitro00.prod.inapus.bunchball.net/nitro5.0.0","Achievements":{"tags":"","value":"1","challengesAchieved":{"ChallengeAchieved":{"fullUrl":"https://s3.amazonaws.com/bunchball_images/814a39fc7e5f43118553997519f44f41/day4attendancepng14de34e89e1.png","description":"On time for 4th day!","catalogItems":true,"repeatable":"0","name":"4 Days of Attendance","pointsRewards":{"PointReward":{"points":"10","pointCategory":"Points"}},"points":"10","pointCategory":"Points"}},"points":"10"}}}
trying 2124591
{"Nitro":{"res":"ok","method":"user.awardChallenge","server":"s2nitro01.prod.inapus.bunchball.net/nitro5.0.0","Achievements":{"tags":"","value":"1","challengesAchieved":{"ChallengeAchieved":{"fullUrl":"https://s3.amazonaws.com/bunchball_images/814a39fc7e5f43118553997519f44f41/finalassessmentpng14d6c02fd93.png","description":"Pass Final Assessment!","catalogItems":true,"repeatable":"0","name":"Final Assessment","pointsRewards":{"PointReward":{"points":"15","pointCategory":"Telstra Points"}},"points":"15","pointCategory":"Telstra Points"}},"points":"15"}}}
trying 2124591
{"Nitro":{"res":"ok","method":"user.awardChallenge","server":"s2nitro01.prod.inapus.bunchball.net/nitro5.0.0","Achievements":{"tags":"","value":"1","challengesAchieved":{"ChallengeAchieved":{"fullUrl":"https://s3.amazonaws.com/bunchball_images/814a39fc7e5f43118553997519f44f41/perfectscoreassignmentpng14d6c032d71.png","description":"Get a perfect score!","catalogItems":true,"repeatable":"1","name":"Perfect score on Assessment","pointsRewards":{"PointReward":{"points":"10","pointCategory":"Telstra Points"}},"points":"10","pointCategory":"Telstra Points"}},"points":"10"}}}
trying 2124591
{"Nitro":{"res":"ok","method":"user.awardChallenge","server":"s2nitro03.prod.inapus.bunchball.net/nitro5.0.0","Achievements":{"tags":"","value":"1","challengesAchieved":{"ChallengeAchieved":{"fullUrl":"https://s3.amazonaws.com/bunchball_images/814a39fc7e5f43118553997519f44f41/day4attendancepng14de34e89e1.png","description":"On time for 4th day!","catalogItems":true,"repeatable":"0","name":"4 Days of Attendance","pointsRewards":{"PointReward":{"points":"10","pointCategory":"Points"}},"points":"10","pointCategory":"Points"}},"points":"10"}}}
trying 2124591
{"Nitro":{"res":"ok","method":"user.awardChallenge","server":"s2nitro01.prod.inapus.bunchball.net/nitro5.0.0","Achievements":{"tags":"","value":"1","challengesAchieved":{"ChallengeAchieved":{"fullUrl":"https://s3.amazonaws.com/bunchball_images/814a39fc7e5f43118553997519f44f41/day4AQpng14de34eafd3.png","description":"Passing 4th day QA score!","catalogItems":true,"repeatable":"0","name":"4th Day QA","pointsRewards":{"PointReward":{"points":"25","pointCategory":"Points"}},"points":"25","pointCategory":"Points"}},"points":"25"}}}
trying 2127138
{"Nitro":{"res":"ok","method":"user.awardChallenge","server":"s2nitro01.prod.inapus.bunchball.net/nitro5.0.0","Achievements":{"tags":"","value":"1","challengesAchieved":{"ChallengeAchieved":{"fullUrl":"https://s3.amazonaws.com/bunchball_images/814a39fc7e5f43118553997519f44f41/finalassessmentpng14d6c02fd93.png","description":"Pass Final Assessment!","catalogItems":true,"repeatable":"0","name":"Final Assessment","pointsRewards":{"PointReward":{"points":"15","pointCategory":"Telstra Points"}},"points":"15","pointCategory":"Telstra Points"}},"points":"15"}}}
trying 2127138
{"Nitro":{"res":"ok","method":"user.awardChallenge","server":"s2nitro00.prod.inapus.bunchball.net/nitro5.0.0","Achievements":{"tags":"","value":"1","challengesAchieved":{"ChallengeAchieved":{"fullUrl":"https://s3.amazonaws.com/bunchball_images/814a39fc7e5f43118553997519f44f41/perfectscoreassignmentpng14d6c032d71.png","description":"Get a perfect score!","catalogItems":true,"repeatable":"1","name":"Perfect score on Assessment","pointsRewards":{"PointReward":{"points":"10","pointCategory":"Telstra Points"}},"points":"10","pointCategory":"Telstra Points"}},"points":"10"}}}
trying 2127138
{"Nitro":{"res":"ok","method":"user.awardChallenge","server":"s2nitro01.prod.inapus.bunchball.net/nitro5.0.0","Achievements":{"tags":"","value":"1","challengesAchieved":{"ChallengeAchieved":{"fullUrl":"https://s3.amazonaws.com/bunchball_images/814a39fc7e5f43118553997519f44f41/day4attendancepng14de34e89e1.png","description":"On time for 4th day!","catalogItems":true,"repeatable":"0","name":"4 Days of Attendance","pointsRewards":{"PointReward":{"points":"10","pointCategory":"Points"}},"points":"10","pointCategory":"Points"}},"points":"10"}}}
trying 2127138
{"Nitro":{"res":"ok","method":"user.awardChallenge","server":"s2nitro03.prod.inapus.bunchball.net/nitro5.0.0","Achievements":{"tags":"","value":"1","challengesAchieved":{"ChallengeAchieved":{"fullUrl":"https://s3.amazonaws.com/bunchball_images/814a39fc7e5f43118553997519f44f41/day4AQpng14de34eafd3.png","description":"Passing 4th day QA score!","catalogItems":true,"repeatable":"0","name":"4th Day QA","pointsRewards":{"PointReward":{"points":"25","pointCategory":"Points"}},"points":"25","pointCategory":"Points"}},"points":"25"}}}
trying 2107365
{"Nitro":{"res":"ok","method":"user.awardChallenge","server":"s2nitro01.prod.inapus.bunchball.net/nitro5.0.0","Achievements":{"tags":"","value":"1","challengesAchieved":{"ChallengeAchieved":{"fullUrl":"https://s3.amazonaws.com/bunchball_images/814a39fc7e5f43118553997519f44f41/finalassessmentpng14d6c02fd93.png","description":"Pass Final Assessment!","catalogItems":true,"repeatable":"0","name":"Final Assessment","pointsRewards":{"PointReward":{"points":"15","pointCategory":"Telstra Points"}},"points":"15","pointCategory":"Telstra Points"}},"points":"15"}}}
trying 2107365
{"Nitro":{"res":"ok","method":"user.awardChallenge","server":"s2nitro00.prod.inapus.bunchball.net/nitro5.0.0","Achievements":{"tags":"","value":"1","challengesAchieved":{"ChallengeAchieved":{"fullUrl":"https://s3.amazonaws.com/bunchball_images/814a39fc7e5f43118553997519f44f41/day4attendancepng14de34e89e1.png","description":"On time for 4th day!","catalogItems":true,"repeatable":"0","name":"4 Days of Attendance","pointsRewards":{"PointReward":{"points":"10","pointCategory":"Points"}},"points":"10","pointCategory":"Points"}},"points":"10"}}}
trying 2107365
{"Nitro":{"res":"ok","method":"user.awardChallenge","server":"s2nitro03.prod.inapus.bunchball.net/nitro5.0.0","Achievements":{"tags":"","value":"1","challengesAchieved":{"ChallengeAchieved":{"fullUrl":"https://s3.amazonaws.com/bunchball_images/814a39fc7e5f43118553997519f44f41/day4AQpng14de34eafd3.png","description":"Passing 4th day QA score!","catalogItems":true,"repeatable":"0","name":"4th Day QA","pointsRewards":{"PointReward":{"points":"25","pointCategory":"Points"}},"points":"25","pointCategory":"Points"}},"points":"25"}}}
trying 2127754
{"Nitro":{"res":"ok","method":"user.awardChallenge","server":"s2nitro01.prod.inapus.bunchball.net/nitro5.0.0","Achievements":{"tags":"","value":"1","challengesAchieved":{"ChallengeAchieved":{"fullUrl":"https://s3.amazonaws.com/bunchball_images/814a39fc7e5f43118553997519f44f41/finalassessmentpng14d6c02fd93.png","description":"Pass Final Assessment!","catalogItems":true,"repeatable":"0","name":"Final Assessment","pointsRewards":{"PointReward":{"points":"15","pointCategory":"Telstra Points"}},"points":"15","pointCategory":"Telstra Points"}},"points":"15"}}}
trying 2127754
{"Nitro":{"res":"ok","method":"user.awardChallenge","server":"s2nitro00.prod.inapus.bunchball.net/nitro5.0.0","Achievements":{"tags":"","value":"1","challengesAchieved":{"ChallengeAchieved":{"fullUrl":"https://s3.amazonaws.com/bunchball_images/814a39fc7e5f43118553997519f44f41/day4AQpng14de34eafd3.png","description":"Passing 4th day QA score!","catalogItems":true,"repeatable":"0","name":"4th Day QA","pointsRewards":{"PointReward":{"points":"25","pointCategory":"Points"}},"points":"25","pointCategory":"Points"}},"points":"25"}}}
trying 2131728
{"Nitro":{"res":"ok","method":"user.awardChallenge","server":"s2nitro01.prod.inapus.bunchball.net/nitro5.0.0","Achievements":{"tags":"","value":"1","challengesAchieved":{"ChallengeAchieved":{"fullUrl":"https://s3.amazonaws.com/bunchball_images/814a39fc7e5f43118553997519f44f41/finalassessmentpng14d6c02fd93.png","description":"Pass Final Assessment!","catalogItems":true,"repeatable":"0","name":"Final Assessment","pointsRewards":{"PointReward":{"points":"15","pointCategory":"Telstra Points"}},"points":"15","pointCategory":"Telstra Points"}},"points":"15"}}}
trying 2131728
{"Nitro":{"res":"ok","method":"user.awardChallenge","server":"s2nitro01.prod.inapus.bunchball.net/nitro5.0.0","Achievements":{"tags":"","value":"1","challengesAchieved":{"ChallengeAchieved":{"fullUrl":"https://s3.amazonaws.com/bunchball_images/814a39fc7e5f43118553997519f44f41/perfectscoreassignmentpng14d6c032d71.png","description":"Get a perfect score!","catalogItems":true,"repeatable":"1","name":"Perfect score on Assessment","pointsRewards":{"PointReward":{"points":"10","pointCategory":"Telstra Points"}},"points":"10","pointCategory":"Telstra Points"}},"points":"10"}}}
trying 2131728
{"Nitro":{"res":"ok","method":"user.awardChallenge","server":"s2nitro00.prod.inapus.bunchball.net/nitro5.0.0","Achievements":{"tags":"","value":"1","challengesAchieved":{"ChallengeAchieved":{"fullUrl":"https://s3.amazonaws.com/bunchball_images/814a39fc7e5f43118553997519f44f41/day4attendancepng14de34e89e1.png","description":"On time for 4th day!","catalogItems":true,"repeatable":"0","name":"4 Days of Attendance","pointsRewards":{"PointReward":{"points":"10","pointCategory":"Points"}},"points":"10","pointCategory":"Points"}},"points":"10"}}}
trying 2131728
{"Nitro":{"res":"ok","method":"user.awardChallenge","server":"s2nitro01.prod.inapus.bunchball.net/nitro5.0.0","Achievements":{"tags":"","value":"1","challengesAchieved":{"ChallengeAchieved":{"fullUrl":"https://s3.amazonaws.com/bunchball_images/814a39fc7e5f43118553997519f44f41/day4AQpng14de34eafd3.png","description":"Passing 4th day QA score!","catalogItems":true,"repeatable":"0","name":"4th Day QA","pointsRewards":{"PointReward":{"points":"25","pointCategory":"Points"}},"points":"25","pointCategory":"Points"}},"points":"25"}}}
trying 2131720
{"Nitro":{"res":"ok","method":"user.awardChallenge","server":"s2nitro03.prod.inapus.bunchball.net/nitro5.0.0","Achievements":{"tags":"","value":"1","challengesAchieved":{"ChallengeAchieved":{"fullUrl":"https://s3.amazonaws.com/bunchball_images/814a39fc7e5f43118553997519f44f41/finalassessmentpng14d6c02fd93.png","description":"Pass Final Assessment!","catalogItems":true,"repeatable":"0","name":"Final Assessment","pointsRewards":{"PointReward":{"points":"15","pointCategory":"Telstra Points"}},"points":"15","pointCategory":"Telstra Points"}},"points":"15"}}}
trying 2131720
{"Nitro":{"res":"ok","method":"user.awardChallenge","server":"s2nitro01.prod.inapus.bunchball.net/nitro5.0.0","Achievements":{"tags":"","value":"1","challengesAchieved":{"ChallengeAchieved":{"fullUrl":"https://s3.amazonaws.com/bunchball_images/814a39fc7e5f43118553997519f44f41/day4attendancepng14de34e89e1.png","description":"On time for 4th day!","catalogItems":true,"repeatable":"0","name":"4 Days of Attendance","pointsRewards":{"PointReward":{"points":"10","pointCategory":"Points"}},"points":"10","pointCategory":"Points"}},"points":"10"}}}
trying 2131720
{"Nitro":{"res":"ok","method":"user.awardChallenge","server":"s2nitro01.prod.inapus.bunchball.net/nitro5.0.0","Achievements":{"tags":"","value":"1","challengesAchieved":{"ChallengeAchieved":{"fullUrl":"https://s3.amazonaws.com/bunchball_images/814a39fc7e5f43118553997519f44f41/day4AQpng14de34eafd3.png","description":"Passing 4th day QA score!","catalogItems":true,"repeatable":"0","name":"4th Day QA","pointsRewards":{"PointReward":{"points":"25","pointCategory":"Points"}},"points":"25","pointCategory":"Points"}},"points":"25"}}}
trying 2130733
{"Nitro":{"res":"ok","method":"user.awardChallenge","server":"s2nitro00.prod.inapus.bunchball.net/nitro5.0.0","Achievements":{"tags":"","value":"1","challengesAchieved":{"ChallengeAchieved":{"fullUrl":"https://s3.amazonaws.com/bunchball_images/814a39fc7e5f43118553997519f44f41/finalassessmentpng14d6c02fd93.png","description":"Pass Final Assessment!","catalogItems":true,"repeatable":"0","name":"Final Assessment","pointsRewards":{"PointReward":{"points":"15","pointCategory":"Telstra Points"}},"points":"15","pointCategory":"Telstra Points"}},"points":"15"}}}
trying 2130733
{"Nitro":{"res":"ok","method":"user.awardChallenge","server":"s2nitro03.prod.inapus.bunchball.net/nitro5.0.0","Achievements":{"tags":"","value":"1","challengesAchieved":{"ChallengeAchieved":{"fullUrl":"https://s3.amazonaws.com/bunchball_images/814a39fc7e5f43118553997519f44f41/day4AQpng14de34eafd3.png","description":"Passing 4th day QA score!","catalogItems":true,"repeatable":"0","name":"4th Day QA","pointsRewards":{"PointReward":{"points":"25","pointCategory":"Points"}},"points":"25","pointCategory":"Points"}},"points":"25"}}}
trying 2113375
{"Nitro":{"res":"ok","method":"user.awardChallenge","server":"s2nitro03.prod.inapus.bunchball.net/nitro5.0.0","Achievements":{"tags":"","value":"1","challengesAchieved":{"ChallengeAchieved":{"fullUrl":"https://s3.amazonaws.com/bunchball_images/814a39fc7e5f43118553997519f44f41/finalassessmentpng14d6c02fd93.png","description":"Pass Final Assessment!","catalogItems":true,"repeatable":"0","name":"Final Assessment","pointsRewards":{"PointReward":{"points":"15","pointCategory":"Telstra Points"}},"points":"15","pointCategory":"Telstra Points"}},"points":"15"}}}
trying 2113375
{"Nitro":{"res":"ok","method":"user.awardChallenge","server":"s2nitro03.prod.inapus.bunchball.net/nitro5.0.0","Achievements":{"tags":"","value":"1","challengesAchieved":{"ChallengeAchieved":{"fullUrl":"https://s3.amazonaws.com/bunchball_images/814a39fc7e5f43118553997519f44f41/day4attendancepng14de34e89e1.png","description":"On time for 4th day!","catalogItems":true,"repeatable":"0","name":"4 Days of Attendance","pointsRewards":{"PointReward":{"points":"10","pointCategory":"Points"}},"points":"10","pointCategory":"Points"}},"points":"10"}}}
trying 2113375
{"Nitro":{"res":"ok","method":"user.awardChallenge","server":"s2nitro00.prod.inapus.bunchball.net/nitro5.0.0","Achievements":{"tags":"","value":"1","challengesAchieved":{"ChallengeAchieved":{"fullUrl":"https://s3.amazonaws.com/bunchball_images/814a39fc7e5f43118553997519f44f41/day4AQpng14de34eafd3.png","description":"Passing 4th day QA score!","catalogItems":true,"repeatable":"0","name":"4th Day QA","pointsRewards":{"PointReward":{"points":"25","pointCategory":"Points"}},"points":"25","pointCategory":"Points"}},"points":"25"}}}
trying 2098658
{"Nitro":{"res":"ok","method":"user.awardChallenge","server":"s2nitro01.prod.inapus.bunchball.net/nitro5.0.0","Achievements":{"tags":"","value":"1","challengesAchieved":{"ChallengeAchieved":{"fullUrl":"https://s3.amazonaws.com/bunchball_images/814a39fc7e5f43118553997519f44f41/finalassessmentpng14d6c02fd93.png","description":"Pass Final Assessment!","catalogItems":true,"repeatable":"0","name":"Final Assessment","pointsRewards":{"PointReward":{"points":"15","pointCategory":"Telstra Points"}},"points":"15","pointCategory":"Telstra Points"}},"points":"15"}}}
trying 2098658
{"Nitro":{"res":"ok","method":"user.awardChallenge","server":"s2nitro00.prod.inapus.bunchball.net/nitro5.0.0","Achievements":{"tags":"","value":"1","challengesAchieved":{"ChallengeAchieved":{"fullUrl":"https://s3.amazonaws.com/bunchball_images/814a39fc7e5f43118553997519f44f41/day4attendancepng14de34e89e1.png","description":"On time for 4th day!","catalogItems":true,"repeatable":"0","name":"4 Days of Attendance","pointsRewards":{"PointReward":{"points":"10","pointCategory":"Points"}},"points":"10","pointCategory":"Points"}},"points":"10"}}}
trying 2098658
{"Nitro":{"res":"ok","method":"user.awardChallenge","server":"s2nitro03.prod.inapus.bunchball.net/nitro5.0.0","Achievements":{"tags":"","value":"1","challengesAchieved":{"ChallengeAchieved":{"fullUrl":"https://s3.amazonaws.com/bunchball_images/814a39fc7e5f43118553997519f44f41/day4AQpng14de34eafd3.png","description":"Passing 4th day QA score!","catalogItems":true,"repeatable":"0","name":"4th Day QA","pointsRewards":{"PointReward":{"points":"25","pointCategory":"Points"}},"points":"25","pointCategory":"Points"}},"points":"25"}}}
trying 2110060
{"Nitro":{"res":"ok","method":"user.awardChallenge","server":"s2nitro01.prod.inapus.bunchball.net/nitro5.0.0","Achievements":{"tags":"","value":"1","challengesAchieved":{"ChallengeAchieved":{"fullUrl":"https://s3.amazonaws.com/bunchball_images/814a39fc7e5f43118553997519f44f41/finalassessmentpng14d6c02fd93.png","description":"Pass Final Assessment!","catalogItems":true,"repeatable":"0","name":"Final Assessment","pointsRewards":{"PointReward":{"points":"15","pointCategory":"Telstra Points"}},"points":"15","pointCategory":"Telstra Points"}},"points":"15"}}}
trying 2110060
{"Nitro":{"res":"ok","method":"user.awardChallenge","server":"s2nitro03.prod.inapus.bunchball.net/nitro5.0.0","Achievements":{"tags":"","value":"1","challengesAchieved":{"ChallengeAchieved":{"fullUrl":"https://s3.amazonaws.com/bunchball_images/814a39fc7e5f43118553997519f44f41/perfectscoreassignmentpng14d6c032d71.png","description":"Get a perfect score!","catalogItems":true,"repeatable":"1","name":"Perfect score on Assessment","pointsRewards":{"PointReward":{"points":"10","pointCategory":"Telstra Points"}},"points":"10","pointCategory":"Telstra Points"}},"points":"10"}}}
trying 2110060
{"Nitro":{"res":"ok","method":"user.awardChallenge","server":"s2nitro00.prod.inapus.bunchball.net/nitro5.0.0","Achievements":{"tags":"","value":"1","challengesAchieved":{"ChallengeAchieved":{"fullUrl":"https://s3.amazonaws.com/bunchball_images/814a39fc7e5f43118553997519f44f41/day4attendancepng14de34e89e1.png","description":"On time for 4th day!","catalogItems":true,"repeatable":"0","name":"4 Days of Attendance","pointsRewards":{"PointReward":{"points":"10","pointCategory":"Points"}},"points":"10","pointCategory":"Points"}},"points":"10"}}}
trying 2110060
{"Nitro":{"res":"ok","method":"user.awardChallenge","server":"s2nitro01.prod.inapus.bunchball.net/nitro5.0.0","Achievements":{"tags":"","value":"1","challengesAchieved":{"ChallengeAchieved":{"fullUrl":"https://s3.amazonaws.com/bunchball_images/814a39fc7e5f43118553997519f44f41/day4AQpng14de34eafd3.png","description":"Passing 4th day QA score!","catalogItems":true,"repeatable":"0","name":"4th Day QA","pointsRewards":{"PointReward":{"points":"25","pointCategory":"Points"}},"points":"25","pointCategory":"Points"}},"points":"25"}}}
trying 2122662
{"Nitro":{"res":"ok","method":"user.awardChallenge","server":"s2nitro03.prod.inapus.bunchball.net/nitro5.0.0","Achievements":{"tags":"","value":"1","challengesAchieved":{"ChallengeAchieved":{"fullUrl":"https://s3.amazonaws.com/bunchball_images/814a39fc7e5f43118553997519f44f41/finalassessmentpng14d6c02fd93.png","description":"Pass Final Assessment!","catalogItems":true,"repeatable":"0","name":"Final Assessment","pointsRewards":{"PointReward":{"points":"15","pointCategory":"Telstra Points"}},"points":"15","pointCategory":"Telstra Points"}},"points":"15"}}}
trying 2122662
{"Nitro":{"res":"ok","method":"user.awardChallenge","server":"s2nitro01.prod.inapus.bunchball.net/nitro5.0.0","Achievements":{"tags":"","value":"1","challengesAchieved":{"ChallengeAchieved":{"fullUrl":"https://s3.amazonaws.com/bunchball_images/814a39fc7e5f43118553997519f44f41/day4attendancepng14de34e89e1.png","description":"On time for 4th day!","catalogItems":true,"repeatable":"0","name":"4 Days of Attendance","pointsRewards":{"PointReward":{"points":"10","pointCategory":"Points"}},"points":"10","pointCategory":"Points"}},"points":"10"}}}
trying 2122662
{"Nitro":{"res":"ok","method":"user.awardChallenge","server":"s2nitro03.prod.inapus.bunchball.net/nitro5.0.0","Achievements":{"tags":"","value":"1","challengesAchieved":{"ChallengeAchieved":{"fullUrl":"https://s3.amazonaws.com/bunchball_images/814a39fc7e5f43118553997519f44f41/day4AQpng14de34eafd3.png","description":"Passing 4th day QA score!","catalogItems":true,"repeatable":"0","name":"4th Day QA","pointsRewards":{"PointReward":{"points":"25","pointCategory":"Points"}},"points":"25","pointCategory":"Points"}},"points":"25"}}}
trying 2130739
{"Nitro":{"res":"ok","method":"user.awardChallenge","server":"s2nitro01.prod.inapus.bunchball.net/nitro5.0.0","Achievements":{"tags":"","value":"1","challengesAchieved":{"ChallengeAchieved":{"fullUrl":"https://s3.amazonaws.com/bunchball_images/814a39fc7e5f43118553997519f44f41/finalassessmentpng14d6c02fd93.png","description":"Pass Final Assessment!","catalogItems":true,"repeatable":"0","name":"Final Assessment","pointsRewards":{"PointReward":{"points":"15","pointCategory":"Telstra Points"}},"points":"15","pointCategory":"Telstra Points"}},"points":"15"}}}
trying 2130739
{"Nitro":{"res":"ok","method":"user.awardChallenge","server":"s2nitro01.prod.inapus.bunchball.net/nitro5.0.0","Achievements":{"tags":"","value":"1","challengesAchieved":{"ChallengeAchieved":{"fullUrl":"https://s3.amazonaws.com/bunchball_images/814a39fc7e5f43118553997519f44f41/day4attendancepng14de34e89e1.png","description":"On time for 4th day!","catalogItems":true,"repeatable":"0","name":"4 Days of Attendance","pointsRewards":{"PointReward":{"points":"10","pointCategory":"Points"}},"points":"10","pointCategory":"Points"}},"points":"10"}}}
trying 2123660
{"Nitro":{"res":"ok","method":"user.awardChallenge","server":"s2nitro03.prod.inapus.bunchball.net/nitro5.0.0","Achievements":{"tags":"","value":"1","challengesAchieved":{"ChallengeAchieved":{"fullUrl":"https://s3.amazonaws.com/bunchball_images/814a39fc7e5f43118553997519f44f41/finalassessmentpng14d6c02fd93.png","description":"Pass Final Assessment!","catalogItems":true,"repeatable":"0","name":"Final Assessment","pointsRewards":{"PointReward":{"points":"15","pointCategory":"Telstra Points"}},"points":"15","pointCategory":"Telstra Points"}},"points":"15"}}}
trying 2123660
{"Nitro":{"res":"ok","method":"user.awardChallenge","server":"s2nitro03.prod.inapus.bunchball.net/nitro5.0.0","Achievements":{"tags":"","value":"1","challengesAchieved":{"ChallengeAchieved":{"fullUrl":"https://s3.amazonaws.com/bunchball_images/814a39fc7e5f43118553997519f44f41/day4attendancepng14de34e89e1.png","description":"On time for 4th day!","catalogItems":true,"repeatable":"0","name":"4 Days of Attendance","pointsRewards":{"PointReward":{"points":"10","pointCategory":"Points"}},"points":"10","pointCategory":"Points"}},"points":"10"}}}
trying 2123660
{"Nitro":{"res":"ok","method":"user.awardChallenge","server":"s2nitro00.prod.inapus.bunchball.net/nitro5.0.0","Achievements":{"tags":"","value":"1","challengesAchieved":{"ChallengeAchieved":{"fullUrl":"https://s3.amazonaws.com/bunchball_images/814a39fc7e5f43118553997519f44f41/day4AQpng14de34eafd3.png","description":"Passing 4th day QA score!","catalogItems":true,"repeatable":"0","name":"4th Day QA","pointsRewards":{"PointReward":{"points":"25","pointCategory":"Points"}},"points":"25","pointCategory":"Points"}},"points":"25"}}}
trying 2127144
{"Nitro":{"res":"ok","method":"user.awardChallenge","server":"s2nitro03.prod.inapus.bunchball.net/nitro5.0.0","Achievements":{"tags":"","value":"1","challengesAchieved":{"ChallengeAchieved":{"fullUrl":"https://s3.amazonaws.com/bunchball_images/814a39fc7e5f43118553997519f44f41/finalassessmentpng14d6c02fd93.png","description":"Pass Final Assessment!","catalogItems":true,"repeatable":"0","name":"Final Assessment","pointsRewards":{"PointReward":{"points":"15","pointCategory":"Telstra Points"}},"points":"15","pointCategory":"Telstra Points"}},"points":"15"}}}
trying 2127144
{"Nitro":{"res":"ok","method":"user.awardChallenge","server":"s2nitro01.prod.inapus.bunchball.net/nitro5.0.0","Achievements":{"tags":"","value":"1","challengesAchieved":{"ChallengeAchieved":{"fullUrl":"https://s3.amazonaws.com/bunchball_images/814a39fc7e5f43118553997519f44f41/day4attendancepng14de34e89e1.png","description":"On time for 4th day!","catalogItems":true,"repeatable":"0","name":"4 Days of Attendance","pointsRewards":{"PointReward":{"points":"10","pointCategory":"Points"}},"points":"10","pointCategory":"Points"}},"points":"10"}}}
trying 2127144
{"Nitro":{"res":"ok","method":"user.awardChallenge","server":"s2nitro03.prod.inapus.bunchball.net/nitro5.0.0","Achievements":{"tags":"","value":"1","challengesAchieved":{"ChallengeAchieved":{"fullUrl":"https://s3.amazonaws.com/bunchball_images/814a39fc7e5f43118553997519f44f41/day4AQpng14de34eafd3.png","description":"Passing 4th day QA score!","catalogItems":true,"repeatable":"0","name":"4th Day QA","pointsRewards":{"PointReward":{"points":"25","pointCategory":"Points"}},"points":"25","pointCategory":"Points"}},"points":"25"}}}
trying 2130742
{"Nitro":{"res":"ok","method":"user.awardChallenge","server":"s2nitro00.prod.inapus.bunchball.net/nitro5.0.0","Achievements":{"tags":"","value":"1","challengesAchieved":{"ChallengeAchieved":{"fullUrl":"https://s3.amazonaws.com/bunchball_images/814a39fc7e5f43118553997519f44f41/finalassessmentpng14d6c02fd93.png","description":"Pass Final Assessment!","catalogItems":true,"repeatable":"0","name":"Final Assessment","pointsRewards":{"PointReward":{"points":"15","pointCategory":"Telstra Points"}},"points":"15","pointCategory":"Telstra Points"}},"points":"15"}}}
trying 2130742
{"Nitro":{"res":"ok","method":"user.awardChallenge","server":"s2nitro00.prod.inapus.bunchball.net/nitro5.0.0","Achievements":{"tags":"","value":"1","challengesAchieved":{"ChallengeAchieved":{"fullUrl":"https://s3.amazonaws.com/bunchball_images/814a39fc7e5f43118553997519f44f41/day4attendancepng14de34e89e1.png","description":"On time for 4th day!","catalogItems":true,"repeatable":"0","name":"4 Days of Attendance","pointsRewards":{"PointReward":{"points":"10","pointCategory":"Points"}},"points":"10","pointCategory":"Points"}},"points":"10"}}}
trying 2130742
{"Nitro":{"res":"ok","method":"user.awardChallenge","server":"s2nitro03.prod.inapus.bunchball.net/nitro5.0.0","Achievements":{"tags":"","value":"1","challengesAchieved":{"ChallengeAchieved":{"fullUrl":"https://s3.amazonaws.com/bunchball_images/814a39fc7e5f43118553997519f44f41/day4AQpng14de34eafd3.png","description":"Passing 4th day QA score!","catalogItems":true,"repeatable":"0","name":"4th Day QA","pointsRewards":{"PointReward":{"points":"25","pointCategory":"Points"}},"points":"25","pointCategory":"Points"}},"points":"25"}}}
trying 2114484
{"Nitro":{"res":"ok","method":"user.awardChallenge","server":"s2nitro01.prod.inapus.bunchball.net/nitro5.0.0","Achievements":{"tags":"","value":"1","challengesAchieved":{"ChallengeAchieved":{"fullUrl":"https://s3.amazonaws.com/bunchball_images/814a39fc7e5f43118553997519f44f41/finalassessmentpng14d6c02fd93.png","description":"Pass Final Assessment!","catalogItems":true,"repeatable":"0","name":"Final Assessment","pointsRewards":{"PointReward":{"points":"15","pointCategory":"Telstra Points"}},"points":"15","pointCategory":"Telstra Points"}},"points":"15"}}}
trying 2114484
{"Nitro":{"res":"ok","method":"user.awardChallenge","server":"s2nitro01.prod.inapus.bunchball.net/nitro5.0.0","Achievements":{"tags":"","value":"1","challengesAchieved":{"ChallengeAchieved":{"fullUrl":"https://s3.amazonaws.com/bunchball_images/814a39fc7e5f43118553997519f44f41/day4attendancepng14de34e89e1.png","description":"On time for 4th day!","catalogItems":true,"repeatable":"0","name":"4 Days of Attendance","pointsRewards":{"PointReward":{"points":"10","pointCategory":"Points"}},"points":"10","pointCategory":"Points"}},"points":"10"}}}
trying 2114484
{"Nitro":{"res":"ok","method":"user.awardChallenge","server":"s2nitro00.prod.inapus.bunchball.net/nitro5.0.0","Achievements":{"tags":"","value":"1","challengesAchieved":{"ChallengeAchieved":{"fullUrl":"https://s3.amazonaws.com/bunchball_images/814a39fc7e5f43118553997519f44f41/day4AQpng14de34eafd3.png","description":"Passing 4th day QA score!","catalogItems":true,"repeatable":"0","name":"4th Day QA","pointsRewards":{"PointReward":{"points":"25","pointCategory":"Points"}},"points":"25","pointCategory":"Points"}},"points":"25"}}}
trying 2132428
{"Nitro":{"res":"ok","method":"user.awardChallenge","server":"s2nitro03.prod.inapus.bunchball.net/nitro5.0.0","Achievements":{"tags":"","value":"1","challengesAchieved":{"ChallengeAchieved":{"fullUrl":"https://s3.amazonaws.com/bunchball_images/814a39fc7e5f43118553997519f44f41/finalassessmentpng14d6c02fd93.png","description":"Pass Final Assessment!","catalogItems":true,"repeatable":"0","name":"Final Assessment","pointsRewards":{"PointReward":{"points":"15","pointCategory":"Telstra Points"}},"points":"15","pointCategory":"Telstra Points"}},"points":"15"}}}
trying 2132428
{"Nitro":{"res":"ok","method":"user.awardChallenge","server":"s2nitro01.prod.inapus.bunchball.net/nitro5.0.0","Achievements":{"tags":"","value":"1","challengesAchieved":{"ChallengeAchieved":{"fullUrl":"https://s3.amazonaws.com/bunchball_images/814a39fc7e5f43118553997519f44f41/perfectscoreassignmentpng14d6c032d71.png","description":"Get a perfect score!","catalogItems":true,"repeatable":"1","name":"Perfect score on Assessment","pointsRewards":{"PointReward":{"points":"10","pointCategory":"Telstra Points"}},"points":"10","pointCategory":"Telstra Points"}},"points":"10"}}}
trying 2132428
{"Nitro":{"res":"ok","method":"user.awardChallenge","server":"s2nitro01.prod.inapus.bunchball.net/nitro5.0.0","Achievements":{"tags":"","value":"1","challengesAchieved":{"ChallengeAchieved":{"fullUrl":"https://s3.amazonaws.com/bunchball_images/814a39fc7e5f43118553997519f44f41/day4attendancepng14de34e89e1.png","description":"On time for 4th day!","catalogItems":true,"repeatable":"0","name":"4 Days of Attendance","pointsRewards":{"PointReward":{"points":"10","pointCategory":"Points"}},"points":"10","pointCategory":"Points"}},"points":"10"}}}
trying 2132428
{"Nitro":{"res":"ok","method":"user.awardChallenge","server":"s2nitro03.prod.inapus.bunchball.net/nitro5.0.0","Achievements":{"tags":"","value":"1","challengesAchieved":{"ChallengeAchieved":{"fullUrl":"https://s3.amazonaws.com/bunchball_images/814a39fc7e5f43118553997519f44f41/day4AQpng14de34eafd3.png","description":"Passing 4th day QA score!","catalogItems":true,"repeatable":"0","name":"4th Day QA","pointsRewards":{"PointReward":{"points":"25","pointCategory":"Points"}},"points":"25","pointCategory":"Points"}},"points":"25"}}}
trying 2126226
{"Nitro":{"res":"ok","method":"user.awardChallenge","server":"s2nitro01.prod.inapus.bunchball.net/nitro5.0.0","Achievements":{"tags":"","value":"1","challengesAchieved":{"ChallengeAchieved":{"fullUrl":"https://s3.amazonaws.com/bunchball_images/814a39fc7e5f43118553997519f44f41/finalassessmentpng14d6c02fd93.png","description":"Pass Final Assessment!","catalogItems":true,"repeatable":"0","name":"Final Assessment","pointsRewards":{"PointReward":{"points":"15","pointCategory":"Telstra Points"}},"points":"15","pointCategory":"Telstra Points"}},"points":"15"}}}
trying 2126226
{"Nitro":{"res":"ok","method":"user.awardChallenge","server":"s2nitro01.prod.inapus.bunchball.net/nitro5.0.0","Achievements":{"tags":"","value":"1","challengesAchieved":{"ChallengeAchieved":{"fullUrl":"https://s3.amazonaws.com/bunchball_images/814a39fc7e5f43118553997519f44f41/perfectscoreassignmentpng14d6c032d71.png","description":"Get a perfect score!","catalogItems":true,"repeatable":"1","name":"Perfect score on Assessment","pointsRewards":{"PointReward":{"points":"10","pointCategory":"Telstra Points"}},"points":"10","pointCategory":"Telstra Points"}},"points":"10"}}}
trying 2126226
{"Nitro":{"res":"ok","method":"user.awardChallenge","server":"s2nitro01.prod.inapus.bunchball.net/nitro5.0.0","Achievements":{"tags":"","value":"1","challengesAchieved":{"ChallengeAchieved":{"fullUrl":"https://s3.amazonaws.com/bunchball_images/814a39fc7e5f43118553997519f44f41/day4attendancepng14de34e89e1.png","description":"On time for 4th day!","catalogItems":true,"repeatable":"0","name":"4 Days of Attendance","pointsRewards":{"PointReward":{"points":"10","pointCategory":"Points"}},"points":"10","pointCategory":"Points"}},"points":"10"}}}
trying 2126226
{"Nitro":{"res":"ok","method":"user.awardChallenge","server":"s2nitro01.prod.inapus.bunchball.net/nitro5.0.0","Achievements":{"tags":"","value":"1","challengesAchieved":{"ChallengeAchieved":{"fullUrl":"https://s3.amazonaws.com/bunchball_images/814a39fc7e5f43118553997519f44f41/day4AQpng14de34eafd3.png","description":"Passing 4th day QA score!","catalogItems":true,"repeatable":"0","name":"4th Day QA","pointsRewards":{"PointReward":{"points":"25","pointCategory":"Points"}},"points":"25","pointCategory":"Points"}},"points":"25"}}}
trying 2122622
{"Nitro":{"res":"ok","method":"user.awardChallenge","server":"s2nitro03.prod.inapus.bunchball.net/nitro5.0.0","Achievements":{"tags":"","value":"1","challengesAchieved":{"ChallengeAchieved":{"fullUrl":"https://s3.amazonaws.com/bunchball_images/814a39fc7e5f43118553997519f44f41/finalassessmentpng14d6c02fd93.png","description":"Pass Final Assessment!","catalogItems":true,"repeatable":"0","name":"Final Assessment","pointsRewards":{"PointReward":{"points":"15","pointCategory":"Telstra Points"}},"points":"15","pointCategory":"Telstra Points"}},"points":"15"}}}
trying 2122622
{"Nitro":{"res":"ok","method":"user.awardChallenge","server":"s2nitro03.prod.inapus.bunchball.net/nitro5.0.0","Achievements":{"tags":"","value":"1","challengesAchieved":{"ChallengeAchieved":{"fullUrl":"https://s3.amazonaws.com/bunchball_images/814a39fc7e5f43118553997519f44f41/perfectscoreassignmentpng14d6c032d71.png","description":"Get a perfect score!","catalogItems":true,"repeatable":"1","name":"Perfect score on Assessment","pointsRewards":{"PointReward":{"points":"10","pointCategory":"Telstra Points"}},"points":"10","pointCategory":"Telstra Points"}},"points":"10"}}}
trying 2122622
{"Nitro":{"res":"ok","method":"user.awardChallenge","server":"s2nitro01.prod.inapus.bunchball.net/nitro5.0.0","Achievements":{"tags":"","value":"1","challengesAchieved":{"ChallengeAchieved":{"fullUrl":"https://s3.amazonaws.com/bunchball_images/814a39fc7e5f43118553997519f44f41/day4attendancepng14de34e89e1.png","description":"On time for 4th day!","catalogItems":true,"repeatable":"0","name":"4 Days of Attendance","pointsRewards":{"PointReward":{"points":"10","pointCategory":"Points"}},"points":"10","pointCategory":"Points"}},"points":"10"}}}
trying 2130746
{"Nitro":{"res":"ok","method":"user.awardChallenge","server":"s2nitro00.prod.inapus.bunchball.net/nitro5.0.0","Achievements":{"tags":"","value":"1","challengesAchieved":{"ChallengeAchieved":{"fullUrl":"https://s3.amazonaws.com/bunchball_images/814a39fc7e5f43118553997519f44f41/finalassessmentpng14d6c02fd93.png","description":"Pass Final Assessment!","catalogItems":true,"repeatable":"0","name":"Final Assessment","pointsRewards":{"PointReward":{"points":"15","pointCategory":"Telstra Points"}},"points":"15","pointCategory":"Telstra Points"}},"points":"15"}}}
trying 2130746
{"Nitro":{"res":"ok","method":"user.awardChallenge","server":"s2nitro03.prod.inapus.bunchball.net/nitro5.0.0","Achievements":{"tags":"","value":"1","challengesAchieved":{"ChallengeAchieved":{"fullUrl":"https://s3.amazonaws.com/bunchball_images/814a39fc7e5f43118553997519f44f41/day4attendancepng14de34e89e1.png","description":"On time for 4th day!","catalogItems":true,"repeatable":"0","name":"4 Days of Attendance","pointsRewards":{"PointReward":{"points":"10","pointCategory":"Points"}},"points":"10","pointCategory":"Points"}},"points":"10"}}}
trying 2130746
{"Nitro":{"res":"ok","method":"user.awardChallenge","server":"s2nitro01.prod.inapus.bunchball.net/nitro5.0.0","Achievements":{"tags":"","value":"1","challengesAchieved":{"ChallengeAchieved":{"fullUrl":"https://s3.amazonaws.com/bunchball_images/814a39fc7e5f43118553997519f44f41/day4AQpng14de34eafd3.png","description":"Passing 4th day QA score!","catalogItems":true,"repeatable":"0","name":"4th Day QA","pointsRewards":{"PointReward":{"points":"25","pointCategory":"Points"}},"points":"25","pointCategory":"Points"}},"points":"25"}}}
trying 2127474
{"Nitro":{"res":"ok","method":"user.awardChallenge","server":"s2nitro00.prod.inapus.bunchball.net/nitro5.0.0","Achievements":{"tags":"","value":"1","challengesAchieved":{"ChallengeAchieved":{"fullUrl":"https://s3.amazonaws.com/bunchball_images/814a39fc7e5f43118553997519f44f41/finalassessmentpng14d6c02fd93.png","description":"Pass Final Assessment!","catalogItems":true,"repeatable":"0","name":"Final Assessment","pointsRewards":{"PointReward":{"points":"15","pointCategory":"Telstra Points"}},"points":"15","pointCategory":"Telstra Points"}},"points":"15"}}}
trying 2127474
{"Nitro":{"res":"ok","method":"user.awardChallenge","server":"s2nitro03.prod.inapus.bunchball.net/nitro5.0.0","Achievements":{"tags":"","value":"1","challengesAchieved":{"ChallengeAchieved":{"fullUrl":"https://s3.amazonaws.com/bunchball_images/814a39fc7e5f43118553997519f44f41/perfectscoreassignmentpng14d6c032d71.png","description":"Get a perfect score!","catalogItems":true,"repeatable":"1","name":"Perfect score on Assessment","pointsRewards":{"PointReward":{"points":"10","pointCategory":"Telstra Points"}},"points":"10","pointCategory":"Telstra Points"}},"points":"10"}}}
trying 2127474
{"Nitro":{"res":"ok","method":"user.awardChallenge","server":"s2nitro01.prod.inapus.bunchball.net/nitro5.0.0","Achievements":{"tags":"","value":"1","challengesAchieved":{"ChallengeAchieved":{"fullUrl":"https://s3.amazonaws.com/bunchball_images/814a39fc7e5f43118553997519f44f41/day4attendancepng14de34e89e1.png","description":"On time for 4th day!","catalogItems":true,"repeatable":"0","name":"4 Days of Attendance","pointsRewards":{"PointReward":{"points":"10","pointCategory":"Points"}},"points":"10","pointCategory":"Points"}},"points":"10"}}}
trying 2127474
{"Nitro":{"res":"ok","method":"user.awardChallenge","server":"s2nitro00.prod.inapus.bunchball.net/nitro5.0.0","Achievements":{"tags":"","value":"1","challengesAchieved":{"ChallengeAchieved":{"fullUrl":"https://s3.amazonaws.com/bunchball_images/814a39fc7e5f43118553997519f44f41/day4AQpng14de34eafd3.png","description":"Passing 4th day QA score!","catalogItems":true,"repeatable":"0","name":"4th Day QA","pointsRewards":{"PointReward":{"points":"25","pointCategory":"Points"}},"points":"25","pointCategory":"Points"}},"points":"25"}}}
trying 2126645
{"Nitro":{"res":"ok","method":"user.awardChallenge","server":"s2nitro01.prod.inapus.bunchball.net/nitro5.0.0","Achievements":{"tags":"","value":"1","challengesAchieved":{"ChallengeAchieved":{"fullUrl":"https://s3.amazonaws.com/bunchball_images/814a39fc7e5f43118553997519f44f41/finalassessmentpng14d6c02fd93.png","description":"Pass Final Assessment!","catalogItems":true,"repeatable":"0","name":"Final Assessment","pointsRewards":{"PointReward":{"points":"15","pointCategory":"Telstra Points"}},"points":"15","pointCategory":"Telstra Points"}},"points":"15"}}}
trying 2126645
{"Nitro":{"res":"ok","method":"user.awardChallenge","server":"s2nitro00.prod.inapus.bunchball.net/nitro5.0.0","Achievements":{"tags":"","value":"1","challengesAchieved":{"ChallengeAchieved":{"fullUrl":"https://s3.amazonaws.com/bunchball_images/814a39fc7e5f43118553997519f44f41/perfectscoreassignmentpng14d6c032d71.png","description":"Get a perfect score!","catalogItems":true,"repeatable":"1","name":"Perfect score on Assessment","pointsRewards":{"PointReward":{"points":"10","pointCategory":"Telstra Points"}},"points":"10","pointCategory":"Telstra Points"}},"points":"10"}}}
trying 2126645
{"Nitro":{"res":"ok","method":"user.awardChallenge","server":"s2nitro03.prod.inapus.bunchball.net/nitro5.0.0","Achievements":{"tags":"","value":"1","challengesAchieved":{"ChallengeAchieved":{"fullUrl":"https://s3.amazonaws.com/bunchball_images/814a39fc7e5f43118553997519f44f41/day4attendancepng14de34e89e1.png","description":"On time for 4th day!","catalogItems":true,"repeatable":"0","name":"4 Days of Attendance","pointsRewards":{"PointReward":{"points":"10","pointCategory":"Points"}},"points":"10","pointCategory":"Points"}},"points":"10"}}}
trying 2126645
{"Nitro":{"res":"ok","method":"user.awardChallenge","server":"s2nitro03.prod.inapus.bunchball.net/nitro5.0.0","Achievements":{"tags":"","value":"1","challengesAchieved":{"ChallengeAchieved":{"fullUrl":"https://s3.amazonaws.com/bunchball_images/814a39fc7e5f43118553997519f44f41/day4AQpng14de34eafd3.png","description":"Passing 4th day QA score!","catalogItems":true,"repeatable":"0","name":"4th Day QA","pointsRewards":{"PointReward":{"points":"25","pointCategory":"Points"}},"points":"25","pointCategory":"Points"}},"points":"25"}}}
trying 2119420
{"Nitro":{"res":"ok","method":"user.awardChallenge","server":"s2nitro01.prod.inapus.bunchball.net/nitro5.0.0","Achievements":{"tags":"","value":"1","challengesAchieved":{"ChallengeAchieved":{"fullUrl":"https://s3.amazonaws.com/bunchball_images/814a39fc7e5f43118553997519f44f41/finalassessmentpng14d6c02fd93.png","description":"Pass Final Assessment!","catalogItems":true,"repeatable":"0","name":"Final Assessment","pointsRewards":{"PointReward":{"points":"15","pointCategory":"Telstra Points"}},"points":"15","pointCategory":"Telstra Points"}},"points":"15"}}}
trying 2119420
{"Nitro":{"res":"ok","method":"user.awardChallenge","server":"s2nitro00.prod.inapus.bunchball.net/nitro5.0.0","Achievements":{"tags":"","value":"1","challengesAchieved":{"ChallengeAchieved":{"fullUrl":"https://s3.amazonaws.com/bunchball_images/814a39fc7e5f43118553997519f44f41/perfectscoreassignmentpng14d6c032d71.png","description":"Get a perfect score!","catalogItems":true,"repeatable":"1","name":"Perfect score on Assessment","pointsRewards":{"PointReward":{"points":"10","pointCategory":"Telstra Points"}},"points":"10","pointCategory":"Telstra Points"}},"points":"10"}}}
trying 2119420
{"Nitro":{"res":"ok","method":"user.awardChallenge","server":"s2nitro01.prod.inapus.bunchball.net/nitro5.0.0","Achievements":{"tags":"","value":"1","challengesAchieved":{"ChallengeAchieved":{"fullUrl":"https://s3.amazonaws.com/bunchball_images/814a39fc7e5f43118553997519f44f41/day4attendancepng14de34e89e1.png","description":"On time for 4th day!","catalogItems":true,"repeatable":"0","name":"4 Days of Attendance","pointsRewards":{"PointReward":{"points":"10","pointCategory":"Points"}},"points":"10","pointCategory":"Points"}},"points":"10"}}}
trying 2119420
{"Nitro":{"res":"ok","method":"user.awardChallenge","server":"s2nitro00.prod.inapus.bunchball.net/nitro5.0.0","Achievements":{"tags":"","value":"1","challengesAchieved":{"ChallengeAchieved":{"fullUrl":"https://s3.amazonaws.com/bunchball_images/814a39fc7e5f43118553997519f44f41/day4AQpng14de34eafd3.png","description":"Passing 4th day QA score!","catalogItems":true,"repeatable":"0","name":"4th Day QA","pointsRewards":{"PointReward":{"points":"25","pointCategory":"Points"}},"points":"25","pointCategory":"Points"}},"points":"25"}}}
trying 2122612
{"Nitro":{"res":"ok","method":"user.awardChallenge","server":"s2nitro03.prod.inapus.bunchball.net/nitro5.0.0","Achievements":{"tags":"","value":"1","challengesAchieved":{"ChallengeAchieved":{"fullUrl":"https://s3.amazonaws.com/bunchball_images/814a39fc7e5f43118553997519f44f41/finalassessmentpng14d6c02fd93.png","description":"Pass Final Assessment!","catalogItems":true,"repeatable":"0","name":"Final Assessment","pointsRewards":{"PointReward":{"points":"15","pointCategory":"Telstra Points"}},"points":"15","pointCategory":"Telstra Points"}},"points":"15"}}}
trying 2122612
{"Nitro":{"res":"ok","method":"user.awardChallenge","server":"s2nitro01.prod.inapus.bunchball.net/nitro5.0.0","Achievements":{"tags":"","value":"1","challengesAchieved":{"ChallengeAchieved":{"fullUrl":"https://s3.amazonaws.com/bunchball_images/814a39fc7e5f43118553997519f44f41/day4attendancepng14de34e89e1.png","description":"On time for 4th day!","catalogItems":true,"repeatable":"0","name":"4 Days of Attendance","pointsRewards":{"PointReward":{"points":"10","pointCategory":"Points"}},"points":"10","pointCategory":"Points"}},"points":"10"}}}
trying 2122612
{"Nitro":{"res":"ok","method":"user.awardChallenge","server":"s2nitro03.prod.inapus.bunchball.net/nitro5.0.0","Achievements":{"tags":"","value":"1","challengesAchieved":{"ChallengeAchieved":{"fullUrl":"https://s3.amazonaws.com/bunchball_images/814a39fc7e5f43118553997519f44f41/day4AQpng14de34eafd3.png","description":"Passing 4th day QA score!","catalogItems":true,"repeatable":"0","name":"4th Day QA","pointsRewards":{"PointReward":{"points":"25","pointCategory":"Points"}},"points":"25","pointCategory":"Points"}},"points":"25"}}}
trying 2044080
{"Nitro":{"res":"ok","method":"user.awardChallenge","server":"s2nitro03.prod.inapus.bunchball.net/nitro5.0.0","Achievements":{"tags":"","value":"1","challengesAchieved":{"ChallengeAchieved":{"fullUrl":"https://s3.amazonaws.com/bunchball_images/814a39fc7e5f43118553997519f44f41/finalassessmentpng14d6c02fd93.png","description":"Pass Final Assessment!","catalogItems":true,"repeatable":"0","name":"Final Assessment","pointsRewards":{"PointReward":{"points":"15","pointCategory":"Telstra Points"}},"points":"15","pointCategory":"Telstra Points"}},"points":"15"}}}
trying 2044080
{"Nitro":{"res":"ok","method":"user.awardChallenge","server":"s2nitro01.prod.inapus.bunchball.net/nitro5.0.0","Achievements":{"tags":"","value":"1","challengesAchieved":{"ChallengeAchieved":{"fullUrl":"https://s3.amazonaws.com/bunchball_images/814a39fc7e5f43118553997519f44f41/day4attendancepng14de34e89e1.png","description":"On time for 4th day!","catalogItems":true,"repeatable":"0","name":"4 Days of Attendance","pointsRewards":{"PointReward":{"points":"10","pointCategory":"Points"}},"points":"10","pointCategory":"Points"}},"points":"10"}}}
trying 2044080
{"Nitro":{"res":"ok","method":"user.awardChallenge","server":"s2nitro03.prod.inapus.bunchball.net/nitro5.0.0","Achievements":{"tags":"","value":"1","challengesAchieved":{"ChallengeAchieved":{"fullUrl":"https://s3.amazonaws.com/bunchball_images/814a39fc7e5f43118553997519f44f41/day4AQpng14de34eafd3.png","description":"Passing 4th day QA score!","catalogItems":true,"repeatable":"0","name":"4th Day QA","pointsRewards":{"PointReward":{"points":"25","pointCategory":"Points"}},"points":"25","pointCategory":"Points"}},"points":"25"}}}
trying 2117801
{"Nitro":{"res":"ok","method":"user.awardChallenge","server":"s2nitro00.prod.inapus.bunchball.net/nitro5.0.0","Achievements":{"tags":"","value":"1","challengesAchieved":{"ChallengeAchieved":{"fullUrl":"https://s3.amazonaws.com/bunchball_images/814a39fc7e5f43118553997519f44f41/finalassessmentpng14d6c02fd93.png","description":"Pass Final Assessment!","catalogItems":true,"repeatable":"0","name":"Final Assessment","pointsRewards":{"PointReward":{"points":"15","pointCategory":"Telstra Points"}},"points":"15","pointCategory":"Telstra Points"}},"points":"15"}}}
trying 2117801
{"Nitro":{"res":"ok","method":"user.awardChallenge","server":"s2nitro01.prod.inapus.bunchball.net/nitro5.0.0","Achievements":{"tags":"","value":"1","challengesAchieved":{"ChallengeAchieved":{"fullUrl":"https://s3.amazonaws.com/bunchball_images/814a39fc7e5f43118553997519f44f41/day4attendancepng14de34e89e1.png","description":"On time for 4th day!","catalogItems":true,"repeatable":"0","name":"4 Days of Attendance","pointsRewards":{"PointReward":{"points":"10","pointCategory":"Points"}},"points":"10","pointCategory":"Points"}},"points":"10"}}}
trying 2117801
{"Nitro":{"res":"ok","method":"user.awardChallenge","server":"s2nitro03.prod.inapus.bunchball.net/nitro5.0.0","Achievements":{"tags":"","value":"1","challengesAchieved":{"ChallengeAchieved":{"fullUrl":"https://s3.amazonaws.com/bunchball_images/814a39fc7e5f43118553997519f44f41/day4AQpng14de34eafd3.png","description":"Passing 4th day QA score!","catalogItems":true,"repeatable":"0","name":"4th Day QA","pointsRewards":{"PointReward":{"points":"25","pointCategory":"Points"}},"points":"25","pointCategory":"Points"}},"points":"25"}}}
trying 2122294
{"Nitro":{"res":"ok","method":"user.awardChallenge","server":"s2nitro03.prod.inapus.bunchball.net/nitro5.0.0","Achievements":{"tags":"","value":"1","challengesAchieved":{"ChallengeAchieved":{"fullUrl":"https://s3.amazonaws.com/bunchball_images/814a39fc7e5f43118553997519f44f41/finalassessmentpng14d6c02fd93.png","description":"Pass Final Assessment!","catalogItems":true,"repeatable":"0","name":"Final Assessment","pointsRewards":{"PointReward":{"points":"15","pointCategory":"Telstra Points"}},"points":"15","pointCategory":"Telstra Points"}},"points":"15"}}}
trying 2122294
{"Nitro":{"res":"ok","method":"user.awardChallenge","server":"s2nitro00.prod.inapus.bunchball.net/nitro5.0.0","Achievements":{"tags":"","value":"1","challengesAchieved":{"ChallengeAchieved":{"fullUrl":"https://s3.amazonaws.com/bunchball_images/814a39fc7e5f43118553997519f44f41/day4attendancepng14de34e89e1.png","description":"On time for 4th day!","catalogItems":true,"repeatable":"0","name":"4 Days of Attendance","pointsRewards":{"PointReward":{"points":"10","pointCategory":"Points"}},"points":"10","pointCategory":"Points"}},"points":"10"}}}
trying 2122294
{"Nitro":{"res":"ok","method":"user.awardChallenge","server":"s2nitro01.prod.inapus.bunchball.net/nitro5.0.0","Achievements":{"tags":"","value":"1","challengesAchieved":{"ChallengeAchieved":{"fullUrl":"https://s3.amazonaws.com/bunchball_images/814a39fc7e5f43118553997519f44f41/day4AQpng14de34eafd3.png","description":"Passing 4th day QA score!","catalogItems":true,"repeatable":"0","name":"4th Day QA","pointsRewards":{"PointReward":{"points":"25","pointCategory":"Points"}},"points":"25","pointCategory":"Points"}},"points":"25"}}}
trying 2132497
{"Nitro":{"res":"ok","method":"user.awardChallenge","server":"s2nitro03.prod.inapus.bunchball.net/nitro5.0.0","Achievements":{"tags":"","value":"1","challengesAchieved":{"ChallengeAchieved":{"fullUrl":"https://s3.amazonaws.com/bunchball_images/814a39fc7e5f43118553997519f44f41/finalassessmentpng14d6c02fd93.png","description":"Pass Final Assessment!","catalogItems":true,"repeatable":"0","name":"Final Assessment","pointsRewards":{"PointReward":{"points":"15","pointCategory":"Telstra Points"}},"points":"15","pointCategory":"Telstra Points"}},"points":"15"}}}
trying 2132497
{"Nitro":{"res":"ok","method":"user.awardChallenge","server":"s2nitro03.prod.inapus.bunchball.net/nitro5.0.0","Achievements":{"tags":"","value":"1","challengesAchieved":{"ChallengeAchieved":{"fullUrl":"https://s3.amazonaws.com/bunchball_images/814a39fc7e5f43118553997519f44f41/day4attendancepng14de34e89e1.png","description":"On time for 4th day!","catalogItems":true,"repeatable":"0","name":"4 Days of Attendance","pointsRewards":{"PointReward":{"points":"10","pointCategory":"Points"}},"points":"10","pointCategory":"Points"}},"points":"10"}}}
trying 2132497
{"Nitro":{"res":"ok","method":"user.awardChallenge","server":"s2nitro03.prod.inapus.bunchball.net/nitro5.0.0","Achievements":{"tags":"","value":"1","challengesAchieved":{"ChallengeAchieved":{"fullUrl":"https://s3.amazonaws.com/bunchball_images/814a39fc7e5f43118553997519f44f41/day4AQpng14de34eafd3.png","description":"Passing 4th day QA score!","catalogItems":true,"repeatable":"0","name":"4th Day QA","pointsRewards":{"PointReward":{"points":"25","pointCategory":"Points"}},"points":"25","pointCategory":"Points"}},"points":"25"}}}
