{
status: 0,
results: {
errors: [
"Robert Davis - {"error"=>{"message"=>"Internal server error: null", "status"=>500, "code"=>"peopleBadUpdateRequest"}}",
"Racquelle Green - {"error"=>{"message"=>"Internal server error: null", "status"=>500, "code"=>"peopleBadUpdateRequest"}}",
"Shaun Innis - {"error"=>{"message"=>"Internal server error: null", "status"=>500, "code"=>"peopleBadUpdateRequest"}}",
"Felicia James - {"error"=>{"message"=>"Internal server error: null", "status"=>500, "code"=>"peopleBadUpdateRequest"}}",
"Jean McEachin - {"error"=>{"message"=>"Internal server error: null", "status"=>500, "code"=>"peopleBadUpdateRequest"}}",
"John Robbins - {"error"=>{"message"=>"Internal server error: null", "status"=>500, "code"=>"peopleBadUpdateRequest"}}",
"Chloe Secretan - {"error"=>{"message"=>"Internal server error: null", "status"=>500, "code"=>"peopleBadUpdateRequest"}}",
"Frances Tiller - {"error"=>{"message"=>"Internal server error: null", "status"=>500, "code"=>"peopleBadUpdateRequest"}}",
"Sue Townsend, - {"error"=>{"message"=>"Internal server error: null", "status"=>500, "code"=>"peopleBadUpdateRequest"}}",
"David Lee - {"error"=>{"message"=>"Invalid value for field name URL", "status"=>400, "context"=>"peopleInvalidFieldValue"}}",
"James Armstrong, - {"error"=>{"message"=>"Internal server error: null", "status"=>500, "code"=>"peopleBadUpdateRequest"}}",
"Linda Smith - {"error"=>{"message"=>"Internal server error: null", "status"=>500, "code"=>"peopleBadUpdateRequest"}}",
"Ronald Stanley - {"error"=>{"message"=>"Internal server error: null", "status"=>500, "code"=>"peopleBadUpdateRequest"}}",
"Catherine Ward - {"error"=>{"message"=>"Internal server error: null", "status"=>500, "code"=>"peopleBadUpdateRequest"}}",
"Donna Wells - {"error"=>{"message"=>"Internal server error: null", "status"=>500, "code"=>"peopleBadUpdateRequest"}}",
"Ceidy Escarcega - {"error"=>{"message"=>"Internal server error: null", "status"=>500, "code"=>"peopleBadUpdateRequest"}}",
"Janie Black - {"error"=>{"message"=>"Internal server error: null", "status"=>500, "code"=>"peopleBadUpdateRequest"}}",
"Chris Day - {"error"=>{"message"=>"Internal server error: null", "status"=>500, "code"=>"peopleBadUpdateRequest"}}",
"Danielle Farmer - {"error"=>{"message"=>"Internal server error: null", "status"=>500, "code"=>"peopleBadUpdateRequest"}}",
"Deborah Lozano - {"error"=>{"message"=>"Internal server error: null", "status"=>500, "code"=>"peopleBadUpdateRequest"}}",
"Amanda Schablow - {"error"=>{"message"=>"Internal server error: null", "status"=>500, "code"=>"peopleBadUpdateRequest"}}",
"Cody Miller - {"error"=>{"message"=>"Internal server error: null", "status"=>500, "code"=>"peopleBadUpdateRequest"}}",
"John Palmeri - {"error"=>{"message"=>"Internal server error: null", "status"=>500, "code"=>"peopleBadUpdateRequest"}}",
"Ashley Bennett - {"error"=>{"message"=>"Internal server error: null", "status"=>500, "code"=>"peopleBadUpdateRequest"}}",
"Jonathan Salgado - {"error"=>{"message"=>"Internal server error: null", "status"=>500, "code"=>"peopleBadUpdateRequest"}}",
"Brad Goldberg - {"error"=>{"message"=>"Internal server error: null", "status"=>500, "code"=>"peopleBadUpdateRequest"}}",
"Jeremy Gosnell - {"error"=>{"message"=>"Invalid value for field name Hire Date", "status"=>400, "context"=>"peopleInvalidFieldValue"}}",
"Tim Travis - {"error"=>{"message"=>"Internal server error: null", "status"=>500, "code"=>"peopleBadUpdateRequest"}}",
"Wager Oscar - {"error"=>{"message"=>"Invalid value for field name Hire Date", "status"=>400, "context"=>"peopleInvalidFieldValue"}}",
"Mariann Enos - {"error"=>{"message"=>"Internal server error: null", "status"=>500, "code"=>"peopleBadUpdateRequest"}}",
"Jennifer Gunter - {"error"=>{"message"=>"Internal server error: null", "status"=>500, "code"=>"peopleBadUpdateRequest"}}",
"Michael Rossi - {"error"=>{"message"=>"Internal server error: null", "status"=>500, "code"=>"peopleBadUpdateRequest"}}",
"Thomas Sauer - {"error"=>{"message"=>"Internal server error: null", "status"=>500, "code"=>"peopleBadUpdateRequest"}}",
"William Zervakos - {"error"=>{"message"=>"Internal server error: null", "status"=>500, "code"=>"peopleBadUpdateRequest"}}",
"Antonio Valadez - {"error"=>{"message"=>"Internal server error: null", "status"=>500, "code"=>"peopleBadUpdateRequest"}}",
"Robin Hein - {"error"=>{"message"=>"Internal server error: null", "status"=>500, "code"=>"peopleBadUpdateRequest"}}",
"Aaron Dugall - {"error"=>{"message"=>"Internal server error: null", "status"=>500, "code"=>"peopleBadUpdateRequest"}}",
"Andrew Fassinger - {"error"=>{"message"=>"Invalid value for field name URL", "status"=>400, "context"=>"peopleInvalidFieldValue"}}",
"Samuel Winger - {"error"=>{"message"=>"Internal server error: null", "status"=>500, "code"=>"peopleBadUpdateRequest"}}",
"Caryn Jondreau - {"error"=>{"message"=>"Invalid value for field name Hire Date", "status"=>400, "context"=>"peopleInvalidFieldValue"}}",
"Grant McGaughy - {"error"=>{"message"=>"Internal server error: null", "status"=>500, "code"=>"peopleBadUpdateRequest"}}",
"Laura Sauer - {"error"=>{"message"=>"Internal server error: null", "status"=>500, "code"=>"peopleBadUpdateRequest"}}"
],
fixed: [ ],
good: [
"Jennifer Armel",
"Joni Armstrong",
"Larry Bean",
"Tara Blackwell",
"Nicole Blankenship",
"Khathrinah Bliss",
"Felicia Blocker",
"Arica Bonner",
"Kim Bright",
"Georgia Butkiewicz",
"Anwar Carcamo",
"Jennifer Click",
"Lisa Colburn",
"Anita Crespo",
"Tashanay Dawson",
"Ryan Demares",
"David Duke",
"Monica Durante",
"Noel Escarcega",
"Kathleen Ferry",
"Jacob Garman",
"Christopher Gaynor",
"Dianne Goldenberg",
"Elliot Gonzalez",
"Eboney Graham",
"Howard Grant",
"Zakovia Griffin",
"Myrna Hastings",
"Vivian Hathaway",
"Joshua Janetzke-Meiner",
"Brandi Jones",
"Sharon Jones",
"Shireen Khedairy",
"Karen Lewis",
"Cindy Louis",
"Hailey Martinez",
"Luz Martinez",
"Todd Mason",
"Kevin McGrew",
"Veronica McNeal",
"Kimberly McNeil",
"Marie Mills",
"Thomas Moore Jr",
"Roxanne Morehouse",
"Esperanza Moreno",
"Veronica Morgan-Williams, ",
"Emilee Murphy",
"Olivia Partida",
" Beatriz Pina",
"Tanya Poovey",
"Tracy Quinlan",
"Richisha Rigmaden",
"Jeremy Sanchez",
"Frances Scott",
"Monica Scott",
"Hershel Shepherd",
"Jorge Sigala",
"Mallory Stevens",
"Cornell Thomas",
"Pamela Torres",
"Kathleen Tulkki",
"Jayme Vanderlugt",
"Tamara Villa",
"John Wallace",
"Tiffany Wiggins",
"Mary Wright",
"Kelly Wyvell",
"Shelley Dawahoya",
"Frederick Keith",
"Jeremy Cooper",
"Diane Johnson",
"Matthew Platou",
"Chanta Miles",
"Austin Simmons",
"Tianna James",
"Jose Rochin",
"LaNora Kidd",
"Devin Ward",
"Danielle Rainey",
"Eric Crissinger",
"Desean Nevell",
"Vicente Gonzalez",
"Sapphire Lawrence",
"Tajannai Robinson",
"Michelle Dennis",
"Ashley Hernandez",
"Deann Gonzales",
"Joseph Auerbach",
"Paul Predoehl",
"Steven Tindull",
"Mario Arreola",
"Leia Williams",
"Tarek Hatab",
"Gunnar Duran",
"William Hall",
"Isidro Gali",
"Miguel Condit",
"Justin Barton",
"Daniel Gastelum",
"Elijah Duckworth",
"Lizbeth Rodriguez",
"Kay Pickering",
"Cristal Soto",
"Sandra Olvera",
"Candyo Knowles",
"Kasie Varin",
"Thomas Boyd",
"Brandon Ricker",
"Christopher Belcheck",
"Jennifer Arroyo",
"Iridian Padilla",
"Michelle Wetherell",
"Phillip Alvarez",
"Cassandra Papich",
"Nelson Dordal",
"Crystal Tatham",
"Jessica Molzahn",
"Stanley Robinson",
"Patrice Tyson",
"Akeilla Keys",
"Hazel De Haseth",
"Marcus Eaves",
"Ronni Arredondo, ",
"Dena Dimick",
"Amanda Castro",
"Rachel Young",
"Damien Allen",
"Tiffinni Amaya",
"Jared Burrage",
"Ray Celaya",
"Erica Corn",
"Davonny Cotton",
"Lindsay Dieringer",
"Katherine Fechter",
"Yvonne Figueroa",
"Jasmine Freedman",
"Cody Gail",
"Michelle Granado",
"Evaughn Gray",
"Kristen Hall",
"Edith Hernandez",
"Anna Huckaby",
"Justice Hunt",
"Tim Kelly",
"Aileen Koch",
"Ramona Leyvas",
"Brian Mulla",
"Matthew Pepple",
"Elizabeth Salas-Luna",
"Reyna Salinas",
"Sergio Sanchez",
"Crystal Smith",
"Sparkles Stuart",
"Kaylah Thomas",
"Edlyn Villegas-Uribe",
"Jacob Zaborac",
"Michele Barnhill",
"James Bassett",
"Georgeanne Batten",
"Monica Booker",
"Robert Burham",
"Brandon Champlin",
"Jessica Davis",
"Sylvester Deaner",
"Nekee DePoy",
"Jennifer Fisher",
"Nancy Gonzalez",
"Gregory Gutierrez",
"Sanovia Harris",
"Sparcle Hovden",
"Dana Kuehneman",
"Courtney Mast",
"Michaela McKinney",
"Alisha Meyer",
"Agata Opitek",
"Patrick Oxendine",
"Gregory Rhodes",
"Perry Robinson",
"Rosa Rodriguez",
"Tracy Sawyer",
"Lee Smeaton",
"Dawnrene Spinelli",
"Randy Tisher",
"Eric Smith",
"Brian Corral",
"Sweetie Cody",
"Ricardo Corretjer",
"Gabriela Estrada Hernandez",
"Kristy Current",
"Patty Robinson",
"Mark Remington",
"Natalie Rollins",
"Andre Weetly",
"Bryant Waingrow",
"Joshua Wengel",
"Danielle Anderson",
"Damion Durham",
"Christopher Chavers",
"Kevin Aiello",
"Derrick Ambri",
"Ryan Behrend",
"Tremieka Davis",
"Joshua Burns",
"Ahsheba Carney",
"Sheri Garcia",
"David Tucker",
"Roxan Krueger",
"Alexander Kok",
"Reynaldo Martinez",
"Carolina James",
"Joshua Jurado",
"Tiera Joseph",
"Jas Washington-Brown",
"Kayla Schilling",
"Anthony Brown",
"Jenny Kim",
"Jin Park",
"Min Jeong",
"Maria Rivadeneyra",
"Marietta Bloise",
"Cindy Downey",
"Edward Hathaway Sr",
"John Hyatt",
"Doug Kuehneman",
"Daniel Pina",
"Eli Reeves",
"Debra Schladt",
"Samuel Vallejo",
"Warren Wagner",
"Evan Adams",
"Rebecca Breha",
"Erick Childs",
"Cristina Duna",
"Brett Gibbons",
"Jasmine Gilbert",
"Michael Gooch",
"Edward Hannifin Jr.",
"Michael Harris",
"Sloane Henderson",
"Michael Hewitt",
"Darrien Hughes",
"Lynsey Hunter",
"Shayna Kemp",
"Thomas Kirkpatrick",
"Said Martinez",
"Dana McClinton",
"Austin McGinn",
"Patrick McQuiston",
"Michelle Meissner",
"Kristen Moore",
"Zaira Moreno Valles",
"Dell Piech",
"Willisha Price",
"Billy Radford Jr",
"Rebecca Rolon",
"Sheree Terres",
"Guy Tokihiro",
"Heather Voss",
"Dena Zavala",
"Melissa Baker",
"Alexander Hooker",
"Micah Johnson",
"Robert Lakey",
"Lea Ratliff",
"Raquel Sayer",
"Samuel Taylor",
"Tammy Torrez",
"Melinda Ambagis",
"Anne Ames",
"Torrance Anderson",
" Daniel Austin",
"Tazreena Batiste",
"Jessica Belanger",
"Harvey Betts",
"Briana Brandon",
"Jamie Brooks",
"Diandria Cobbin",
"Allyn Crawford",
"Lorrie Crider",
"Lyn Di Ruscio",
"Samearra Drake",
"Jose Estrada",
"Bradley Fellows",
"Thomas Fox",
"Desiree Frausto",
"Joshua Granillo",
"Tracey Griffin",
"Leah Grimes",
"Tsuey Grimes",
"Daynesha Harris",
"Tina Hill",
"Margaret Hollis",
"Christina Jackson",
"Elizabeth Jacobs",
"Ruben Jinich",
"Danielle Krieger",
"Nancy Ladue",
"Christopher Lawrence",
"Ian Lawrence",
"Patrick Lick",
"Kelly Limric",
"Joseph Long",
"Michelle Maron",
"Teresa Menke",
"Richard Miller",
"Mary Nelson",
"Lauren Petrie",
"Isaac Ramirez",
"Carol Rockwell",
"Robert Rudd",
"Nicholas Smith",
"Tori Sterling",
"Richard Thompson",
"Deyana Trujillo",
"Kristen Tucker",
"Jessica Warner",
"Patrick Wauson",
"Debra Weber",
"Harmon Young",
"Mame Asta Mbacke",
"Lynette Castle",
"Eric Chambers",
"Keiera Smith",
"Leigh Hanley",
"Kelley Sutton",
"Leshay Relf",
"Benny Kunze",
"Steve Austin",
"Joseph Machin",
"Shyann Rios",
"Stephen Gutierrez",
"Julius Massenburg",
"Hector Valero",
"Terri Redmond",
"Jason Webb",
"Kimberly Carbajal",
"Theresa Vazquez",
"Reina Polendo",
"Jeffery White",
"Rick Malachi",
"Cecelia St. George",
"Robert Snedecor",
"Lacey Bassett",
"Vicky Candelaria",
"Melissa Devine",
"Charles Levy",
"Elisa Silva",
"Maria Alvarez",
"Jason Anthony Corpuz",
"Marquita Davis",
"Angelica Plaza",
"Ally Rajan",
"Marcus Slane",
"Cindy Warden",
"Daryl Hudson",
"George Robinson",
"Chris Huysman",
"Sunny Kim",
"John Connell",
"Stephen Cotumaccio",
"Tyger Fawcett",
"Brian Ferenchik",
"Paul Garber",
"Jason Gaut",
"Crissandra Horst",
"Ed Kim",
"Jeff Lynch",
"Anita May",
"Pauletta Milton",
"Brian Normant",
"Carolyn Oliver-Hardy",
"Leonardo Sciortino",
"Suszann Smith",
"Megan Snow",
"Annalee Bond",
"Christopher Lowe",
"Eric Lewandowski",
"Jon Barchuk",
"Mario Hardin",
"Michael Kleinmeyer",
"Robert Staples",
"Nicole Buchak",
"Richard Faison",
"Eric Farmer",
"Johnny Nicolas",
"David Sermeno",
"Joell Ujvari",
"Gustavo Gonzalez",
"Travis Lilly",
"Stephen Greenberg",
"Natasha Miczek",
"Kurtis Wagner",
"Jorge Ayala",
"Alexander Duenas",
"Timothy Egleston",
"James Farmer",
"Robert Frey",
"Lealand Keefe",
"Youngbin Kim",
"Lashonda Martin",
"Manny Martinez",
"Brandon Menard",
"Sandra Mendez",
"Nicole Miczek",
"Steven Riley",
"Laura Salazar",
"Lamond Saxton",
"Rachel Tache",
"Seaira Teran",
"Diana Thar",
"Nikki Reed",
"Justin Zanders",
"Ralph Hall III",
"Joseph Sbordoni",
"Gabrielle Galindo",
"Chad Cronk",
"Crystal Hollenbeck",
"Diem Lanakai",
"Brent Powell",
"Jason Zlupko",
"Colleen Chambers ",
"Michael Eason",
"Crystal Hetu",
"Julio Olivas",
"Chris Strother",
"Randy Braaten",
"Melissa Bruno",
"Richard Elam",
"Bradford Huckins",
"Meghan Jeffers",
"Katie Simmons",
"Eric Torgerson",
"Jessica Matye",
"Chris Cybuch",
"Rhett Wilbur",
"White Kristen",
"Jacqueline Price",
"Rebecca Wilson"
],
manual: [
"Dream Wells",
"Tonette Dire",
"Joseph Strub Jr.",
"Sunyoung Park",
"Christopher Hanna",
"Kyle Baker",
"Ronald Capps",
"Elsie-May Chostner",
"Aliana DePascal",
"Ethan Stoic",
"Elias Pina",
"Chelonda Salinas-Elston",
"Deedee Lee",
"Tracie-Jo Futrell",
"Mary Johnson"
],
totals: {
errors: 42,
good: 438,
manual: 15,
fixed: 0,
all: 495
}
}
}