122 CITIES MORTALITY REPORTING SYSTEM --- 
ABORTION --- N
ABORTION STATISITICS --- N
ABRIN --- Y
ACANTHAMOEBA INFECTION --- N
ACINETOBACTER INFECTION --- N
ACQUIRED IMMUNE DEFICIENCY SYNDROME (AIDS) --- Y
ACRYLAMIDE --- N
ACTINOMYCETES --- N
ACTIVE BACTERIAL CORE SURVEILLANCE (ABCS) --- N
ACTIVE COMMUNITY ENVIRONMENTS INITIATIVE --- N
ACUTE INJURY CARE --- N
ADENOVIRUS INFECTION --- N
ADHD --- Y
ADOLESCENT HEALTH --- N
ADOLESCENT PREGNANCY --- N
ADOPTION, INTERNATIONAL --- N
ADULT BLOOD LEAD EPIDEMIOLOGY AND SURVEILLANCE --- N
ADVERSE CHILDHOOD EXPERIENCES (ACE) --- N
ADVISORY COMMITTEE ON IMMUNZATION PRACTICES --- N
AEROSOLS --- N
AFGHANISTAN PROJECT --- N
AFIX IMMUNIZATION STRATEGY --- N
AFRICAN FIELD EPIDEMIOLOGY NETWORK --- N
AFRICAN SLEEPING SICKNESS --- N
AGENCY ADVISORY COMMITTEE (AAC) --- N
AGENT ORANGE LABORATORY TESTING/RESULTS --- 
AGENT ORANGE STUDY RECORDS --- N
AGING --- N
AGING and HEALTH BEHAVIORS --- 
AGING and PUBLIC HEALTH --- 
AGRICULTURAL SAFETY (INJURY) --- N
AGRICULTURAL SAFETY AND HEALTH --- N
AIDS --- Y
AIP --- N
AIR POLLUTION & RESPIRATORY HEALTH --- N
AIR QUALITY --- N
ALBUTEROL- FREE INHALERS --- 
ALCOHOL - EXCESSIVE USE --- N
ALCOHOL SCREENING AND BRIEF INTERVENTION --- N
ALCOHOL-RELATED DISEASE IMPACT (ARDI) --- N
ALGAL BLOOMS, HARMFUL --- N
ALZHEIMERS DISEASE --- N
AMAZING ME - IT'S BUSY BEING 3! (CHILDRENS' BOOK) --- 
AMEBIASIS --- N
AMERICAN INDIAN / ALASKA NATIVE VACCINATION --- N
AMMONIA --- N
AMYOTROPHIC LATERAL SCLEROSIS REGISTRY --- N
ANAPLASMOSIS --- N
ANEMIA --- N
ANGIOSTRONGYLIASIS / ANGIOSTRONGYLUS INFECTION --- N
ANIMAL IMPORTATION --- N
ANIMAL-RELATED DISEASES --- N
ANIMALS, LABORATORY --- N
ANISAKIASIS / ANISAKIS INFECTION --- N
ANTHRAX --- N
ANTHRAX VACCINE --- N
ANTIBIOTIC RESISTANCE --- N
ANTIBIOTIC RESISTANCE IN THE COMMUNITY / OUTPATIENT SETTING --- N
ANTIMICROBIAL RESISTANCE --- N
ANTINEOPLASTIC AGENTS --- N
ANTIPHOSPHOLIPID ANTIBODY SYNDROME --- 
ArboNET SURVEILLANCE SYSTEM --- 
ARCTIC INVESTIGATIONS AIP --- N
ARENAVIRUS INFECTION --- N
ARSENIC --- Y
ARSINE --- N
ART (ASSISTED REPRODUCTIVE TECHNOLOGY) --- N
ARTHRITIS --- Y
ARTHROPOD-BORNE DISEASES (ARBOVIRUSES) --- N
ASBESTOS --- N
ASCARIASIS / ASCARIS INFECTION --- N
ASCUS --- N
ASEPTIC MENINGITIS --- N
ASPERGILLOSIS / ASPERGILLUS INFECTION --- N
ASPERGILLOSIS / ASPERGILLUS INFECTION --- N
ASPERGILLOSIS / ASPERGILLUS INFECTION --- N
ASPERGILLOSIS / ASPERGILLUS INFECTION --- N
ASPERGILLOSIS / ASPERGILLUS INFECTION --- Y
ASPERGILLOSIS / ASPERGILLUS INFECTION --- Y
ASPERGILLOSIS / ASPERGILLUS INFECTION --- 
ASPHALT FUMES --- Y
ASSISTED REPRODUCTIVE TECHNOLOGY (ART) --- N
ASTHMA & ALLERGIES --- N
ASTHMA & SCHOOLS --- N
ASTROVIRUS --- N
ATTENTION DEFICIT/HYPERACTIVITY DISORDER --- Y
ATYPIA --- 
AUTISM --- Y
H1N1 in India (2015) --- N
AVIAN INFLUENZA: PROTECTING WORKERS FROM EXPOSURE --- N
AVIATION, COMMERCIAL (ALASKA) --- N
AVIPOX (PIGEONPOX, FOWLPOX, CANARY POX)-NON SENTINEL EVENT --- 
AVIPOX (PIGEONPOX, FOWLPOX, CANARY POX)-SENTINEL EVENT --- 
B VIRUS INFECTION --- N
BABESIOSIS / BABESIA INFECTION --- N
BACILLUS CEREUS - EMESIS/GASTROINTESTINAL --- 
BACILLUS CEREUS- ANTHRAX-RELATED/OTHER --- 
BACK BELTS --- N
BACTERIAL VAGINOSIS (BV) --- Y
BALAMUTHIA MANDRILLARIS --- N
BALANTIDIASIS / BALANTIDIUM INFECTION --- N
BARTONELLA --- N
BARTONELLA HENSELAE INFECTION (CSF) --- N
BASIDIOBOLUS --- 
BAYLISASCARIASIS / BAYLISASCARIS INFECTION --- N
BCG (TUBERCULOSIS VACCINE) --- N
BEDBUGS --- N
BEHAVIORIAL RISK FACTOR SURVEILLANCE SURVEY --- N
BENZENE --- N
BERYLLIUM --- N
BICYCLE SADDLES AND REPRODUCTIVE HEALTH --- N
BIOMONITORING --- N
BIOMONITORING GRANTS --- N
BIOSAFETY --- N
BIOSOLIDS --- N
BIOTERRORISM --- Y
BIOTERRORISM AGENTS/DISEASES --- Y
BIRDS, INFECTIONS FROM --- 
BIRTH CONTROL --- N
BIRTH DATA --- N
BIRTH DEFECTS --- Y
BISEXUAL HEALTH --- N
BISPHENOL A --- N
BLACK HENNA TATTOOS --- N
BLACK LUNG --- N
BLAST INJURIES --- N
BLASTOCYSTIS INFECTION --- N
BLASTOMYCOSIS --- N
BLEEDING DISORDERS --- Y
BLOOD DISORDERS --- Y
BLOOD LEAD LEVELS --- N
BLOODBORNE PATHOGENS --- Y
BMBL (BIOSAFETY IN MICROBIOLOGICAL AND BIOMEDIAL LABORATORIES) --- N
BOCAVIRUS --- 
BODY AND MIND --- N
BODY LICE --- Y
BODY MASS INDEX / BMI --- N
BODY MEASUREMENTS --- N
BODY MEASUREMENTS --- N
BORDER, US - MEXICO HEALTH ISSUES --- N
BORRELIA BURGDORFERI INFECTION --- N
BORRELIA MIYAMOTOI --- 
BOTULISM --- N
BOTULISM ANTITOXIN --- N
BOTUSA --- N
BOVINE PAPULAR STOMATITIS VIRUS-NON SENTINEL EVENT --- 
BOVINE PAPULAR STOMATITIS VIRUS-SENTINEL EVENT --- 
BOVINE SPONGIFORM ENCEPHALOPATHY (BSE) --- N
BP OIL SPILL --- Y
BRAINERD DIARRHEA --- N
BREAST CANCER --- Y
BREASTFEEDING --- N
BRFSS --- N
BROMINATED FLAME RETARDANTS --- 
BROMINE --- N
BROMOBENZYLCYANIDE (CA) --- N
BRUCELLOSIS / BRUCELLA INFECTION --- N
BRUSH UP ON HEALTHY TEETH - (Publication) --- N
BSI DIALYSIS COLLABORATIVE --- N
BUDGET AND FINANCIAL MANAGEMENT --- N
BUFFALOPOX-NON SENTINEL EVENT --- 
BUFFALOPOX-SENTINEL EVENT --- 
BUILT ENVIRONMENT --- N
BULLY --- 
BURKHOLDERIA CEPACIA INFECTION --- N
BURKHOLDERIA PSEUDOMALLEI INFECTION --- N
BURULI ULCER --- N
C. SORDELLII --- N
CADMIUM --- N
CALICIVIRUS INFECTION --- 
CAMP LEJEUNE --- N
CAMPAIGN TO PREVENT ANTIMICROBIAL RESISTANCE --- N
CAMPYLOBACTERIOSIS / CAMPYLOBACTER INFECTION --- N
CANCER --- Y
CANCER CLUSTERS --- N
CANCER HEALTH DISPARITIES --- N
CANCER REGISTRIES --- N
CANCER SURVIVORSHIP --- Y
CANDIDIASIS / CANDIDA INFECTION --- N
CAPILLARIASIS / CAPILLARIA INFECTION --- N
CARBAPENEM-RESISTANT ENTEROBACTERIACEAE (CRE) --- N
CARBON MONOXIDE --- N
CARBON MONOXIDE DANGERS IN BOATING --- Y
CARBON MONOXIDE HAZARDS FROM SMALL GAS POWERED ENGINES --- N
CARBONLESS COPY PAPER --- N
CARDIOVASCULAR HEALTH --- N
CARDIOVIRUS --- N
CARPAL TUNNEL SYNDROME --- N
CAT SCRATCH DISEASE --- N
CATCH-UP IMMUNIZATION SCHEDULER --- N
CATS, INFECTIONS FROM --- N
CDC Lab Safety Questions --- N
CDC SWITCHBOARD - ATLANTA, GA --- 
CDC WONDER --- N
CDC WONDER --- N
CDC/ATSDR MINORITY INITIATIVES COORDINATING COMMITTEE (CAMICC) --- N
CDC'S POSITION ON TATTOOING AND HCV INFECTION --- N
CDC-TRAIN --- N
CDC-TV --- N
Cedeca Lapagei --- 
CELIAC DISEASE --- 
CERCARIAL DERMATITIS INFECTION --- N
CERCOPITHECINE HERPESVIRUS --- N
CEREBRAL PALSY --- Y
CERVICAL CANCER --- Y
CHAGAS DISEASE --- Y
CHANCROID --- N
CHEMICAL AGENT INFORMATION (FOR EMERGENCY RESPONDERS) --- N
CHEMICAL AGENTS --- Y
CHEMICAL PROTECTIVE CLOTHING --- N
CHEMICAL SAFETY --- Y
CHEMICAL TERRORISM PREPAREDNESS GRANTS --- 
CHEMICAL WEAPONS DEMILITARIZATION --- N
CHEST RADIOGRAPHY --- N
CHIARI --- 
CHICKENPOX --- N
CHICKENPOX VACCINE --- N
CHIKUNGUNYA FEVER (CHIKV) --- N
CHILD DEVELOPMENT --- Y
CHILD HEALTH STATISTICS --- N
CHILD MALTREATMENT PREVENTION --- N
CHILD PASSENGER SAFETY --- N
CHILDHOOD DISEASES --- Y
CHILDHOOD INJURIES --- N
CHILDHOOD LEAD POISONING --- N
CHILDREN & INFANTS --- N
CHILOMASTIX MESNILI INFECTION --- N
CHINESE DRYWALL --- N
CHLAMYDIA --- Y
CHLAMYDIA PNEUMONIAE INFECTION --- N
CHLORINE --- N
CHLOROACETOPHENONE (CN) --- N
CHLOROBENZYLIDENEMALONONITRILE (CS) --- 
CHLOROPICRIN (PS) --- N
CHOKING --- 
CHOLERA --- N
CHOLESTEROL REFERCE METHOD --- N
CHROMIUM --- N
CHRONIC DISEASE AT A GLANCE REPORTS --- N
CHRONIC DISEASE INDICATORS --- 
CHRONIC DISEASE MANAGEMENT --- 
CHRONIC DISEASE NOTES AND REPORTS --- N
CHRONIC DISEASE PREVENTION --- N
CHRONIC FATIGUE SYNDROME --- Y
CHRONIC LYME DISEASE --- N
CHRONIC OBSTRUCTIVE PULMONARY DISEASE --- Y
CIGUATERA FISH POISONING --- N
CIGUATOXIN --- N
CLIMATE CHANGE --- N
CLINICAL GROWTH CHARTS --- N
CLINICAL LABORATORY IMPROVEMENT AMENDMENTS (CLIA) --- N
CLONORCHIASIS / CLONORCHIS INFECTION --- N
CLOSTRIDIUM DIFFICILE INFECTION --- N
CLOSTRIDIUM PERFRINGENS --- N
CLOSTRIDIUM SORDELLII --- N
CLOTTING DISORDERS --- Y
COAL WORKERS' PNEUMOCONIOSES --- N
COCA --- N
COCASA --- N
COCCIDIOIDOMYCOSIS --- N
COGNITIVE HEALTH --- 
COLD, COMMON --- Y
COLLAGENOUS COLITIS --- 
COLLEGIATE LEADERS IN ENVIRONMENTAL HEALTH --- N
COLLEMBOLA --- 
COLORADO TICK FEVER --- 
COLORECTAL (COLON) CANCER --- Y
COMMERCIAL AVIATION IN ALASKA (INJURY) --- N
COMMERICAL FISHING IN ALASKA (INJURY) --- 
COMMUNITIES PUTTING PREVENTION TO WORK --- Y
COMMUNITY AND FAITH-BASED INITIATIVES --- 
COMMUNITY GUIDE, THE --- 
COMMUNITY HEALTH --- 
COMMUNITY HEALTH STATUS INDICATORS --- 
COMMUNITY TRANSFORMATION GRANTS --- Y
COMMUNITY-BASED PARTICIPATORY RESEARCH --- 
COMPREHENSIVE CANCER CONTROL --- N
COMPREHENSIVE CLINIC ASSESSMENT SOFTWARE APPLICATION --- N
CONCENTRATED ANIMAL FEEDING OPERATIONS --- N
CONCUSSION --- N
CONFINED SPACES (INJURY) --- Y
CONGENITAL HEARING LOSS --- Y
CONJUNCTIVITIS --- Y
CONSTRUCTION SAFETY AND HEALTH --- Y
CONTRACEPTION --- N
CONTROL BANDING --- N
COOLEYS ANEMIA --- Y
CORONAVIRUS --- N
COROZAL WELL SITE REPORT PUBLIC HEALTH ASSESSMENT, PUERTO RICO --- Y
CORRECTIONAL HEALTH --- 
COST OF FALLS AMONG OLDER ADULTS --- N
COWPOX-NON SENTINEL EVENT --- 
COWPOX-SENTINEL EVENT --- 
COXSACKIE --- 
CREUTZFELDT-JAKOB DISEASE (CJD) --- N
CRIMEAN - CONGO HEMORRHAGIC FEVER --- N
Crisis & Emergency Risk Communication Course (CERC) --- N
CROHN'S DISEASE --- N
CROHN'S DISEASE --- N
CROUP --- N
CRUISE SHIP ILLNESS / DEATH --- N
CRUISE SHIP SANITATION --- N
CRYPTOCOCCOSIS --- N
CRYPTOSPORIDIOSIS / CRYPTOSPORIDIUM INFECTION --- N
CYANIDE --- N
CYANOGEN CHLORIDE (CK) --- 
CYCLOSPORIASIS / CYCLOSPORA INFECTION --- N
H1N1 in India (2015) --- Y
CYSTOISOSPORA --- 
CYSTS --- 
CYTOLOGY --- 
CYTOMEGALOVIRUS INFECTION (CMV) --- N
DATA & STATISTICS --- N
DEATH DATA --- 
DEEP VEIN THROMBOSIS --- Y
DELUSIONAL PARASITOSIS --- 
DEMENTIA --- 
DENGUE FEVER --- Y
DENTAL HEALTH / ORAL HEALTH --- N
DENTISTRY --- N
DES & CANCER STUDY (NCI) --- N
DES (DIETHYLSTILBESTROL) --- N
DEVELOPMENTAL DISABILITIES --- Y
DIABETES --- Y
DIARRHEA --- N
DIARRHEAGENIC ESCHERICHIA COLI --- N
DIBENZOXAZEPINE (CR) --- N
DIENTAMOEBA FRAGILIS INFECTION --- N
DIET & NUTRITION --- N
DIPHTHERIA --- N
DIPHTHERIA VACCINE --- N
DIPHYLLOBOTHRIASIS / DIPHYLLOBOTHRIUM INFECTION --- N
DIPYLIDIUM CANINUM INFECTION --- N
DIRECTOR'S HEALTH PROMOTION AND DISEASE PREVENTION (DHPE) --- 
DISABILITIES --- N
DISABILITY AND HEALTH DATA SYSTEM --- Y
DISASTER EPIDEMIOLOGY ASSESMENT --- 
DISASTER SITE MANAGEMENT (OCCUPATIONAL) --- 
DISEASES & CONDITIONS --- N
DISTRACTED DRIVING --- N
DIVERTICULITIS --- 
DOG BITES --- N
DOG CONFINEMENT AGREEMENTS --- 
DOGS, INFECTIONS FROM --- N
DOMESTIC VIOLENCE --- Y
DOWN SYNDROME --- Y
DR. FRIEDEN --- 
DRACUNCULIASIS --- N
DRINKING WATER QUALITY --- N
DROWNING --- 
DRUG RESISTANT INFECTIONS --- N
DRUG SERVICE PROGRAM --- 
DRYCLEANING --- N
DUCHENNE/BECKER MUSCULAR DYSTROPHY --- Y
E. COLI INFECTION --- N
EAR INFECTION --- Y
EARTHQUAKES --- Y
EASTERN EQUINE ENCEPHALITIS (EEE) --- N
EBOLA HEMORRHAGIC FEVER --- N
EBOLA INFECTION CONTROL --- 
ECHINOCOCCOSIS / ECHINOCOCCUS INFECTION --- N
ECHINOCOCCOSIS / ECHINOCOCCUS INFECTION --- N
ECHOVIRUSES --- 
E-CIGARETTES --- 
ECZEMA VACCINATUM --- N
EDUCATION --- 
EGAPP EVALUATION OF GENOMIC APPLICATIONS IN PRACTICE AND PREVENTION --- N
EHRLICHIA INFECTION --- N
EHS-NET --- N
ELDER ABUSE --- N
ELDERLY ACCIDENTS, DEATH, AND INJURIES (STEADI) PROGRAM --- 
ELECTRIC AND MAGNETIC FIELDS (EMF) --- N
ELECTRICAL SAFETY (INJURY) --- Y
ELISA SOFTWARE --- 
ELSI, GENOMICS ETHICAL, LEGAL & SOCIAL ISSUES --- 
EMBRYO ADOPTION --- 
EMERGENCY MANAGEMENT IN MINING --- N
EMERGENCY OPERATIONS CENTER TOURS --- 
EMERGENCY PREPAREDNESS & RESPONSE --- N
EMERGENCY RESPONSE RESOURCES --- 
EMERGING INFECTIOUS DISEASE (EID) JOURNAL --- N
EMERGING INFECTIOUS DISEASES --- 
EMS FIELD TRIAGE --- N
ENCEPHALITIS, MOSQUITOBORNE AND TICKBORNE --- N
ENDOLIMAX NANA INFECTION --- N
ENGINEERING CONTROLS --- N
ENGINEERING EDUCATION IN OCCUPATIONAL SAFETY AND HEALTH --- N
ENTAMOEBA COLI INFECTION --- 
ENTAMOEBA DISPAR INFECTION --- N
ENTAMOEBA HARTMANNI INFECTION --- N
ENTAMOEBA HISTOLYTICA INFECTION --- N
ENTAMOEBA POLECKI INFECTION --- N
ENTERIC ANTIBIOTIC RESISTANCE --- N
ENTEROAGGREGATIVE ESCHERICHIA COLI --- 
ENTEROBACTER CLOACAE --- 
ENTEROBIASIS --- N
ENTEROINVASIVE ESCHERICHIA COLI --- 
ENTEROPATHOGENIC ESCHERICHIA COLI --- 
ENTEROTOXIGENIC ESCHERICHIA COLI --- 
ENTEROVIRUS D68 --- 
ENVIRONMENTAL CHEMICALS --- 
ENVIRONMENTAL HEALTH --- N
ENVIRONMENTAL HEALTH LABORATORY --- N
ENVIRONMENTAL PUBLIC HEALTH TRACKING --- N
ENVIRONMENTAL TOBACCO SMOKE --- 
ENVIRONMENTAL TOXINS --- N
EPIDEMIC INTELLIGENCE SERVICE --- Y
EPIDEMIC TYPHUS --- 
EPIDEMIOLOGY & PREVENTION OF VACCINE-PREVENTABLE DISEASES (PINK BOOK) --- N
EPIDEMIOLOGY AND LABORATORY CAPACITY FOR INFECTIOUS DISEASES PROGRAM --- 
EPILEPSY --- Y
EPILEPSY PREVENTION AND PREVENTION ACTIVITIES DATABASE --- 
EPSTEIN-BARR VIRUS (EBV) INFECTION --- N
EQUIP --- N
ERGONOMICS AND MUSCULOSKELETAL DISORDERS --- N
ESCHERICHIA COLI INFECTION --- N
ETHICAL, LEGAL AND SOCIAL IMPLICATIONS OF GENOMICS --- 
ETHYLENE GLYCOL --- Y
ETHYLENE OXIDE --- N
ETIOLOGIC AGENT IMPORT PERMIT PROGRAM --- N
EVALUATION OF ADVERSE EVENTS --- Y
EVALUATION OF GENOMIC APPLICATIONS IN PRACTICE AND PREVENTION --- N
EXANTHUM SUBITUM --- 
EXCITE --- N
EXERCISE --- N
EXPLOSIONS IN MINING --- N
EXTENSIVELY DRUG-RESISTANT TB (XDR TB) --- N
EXTERNAL QUALITY ASSESSMENT --- 
EXTREME COLD --- N
EXTREME HEAT --- N
EXTREME WEATHER CONDITIONS --- 
EYE SAFETY --- N
FAITH-BASED AND COMMUNITY INITIATIVES --- 
FALL-RELATED INJURIES --- N
FALLS FROM ELEVATION (INJURY) --- Y
FALLS, OLDER ADULT --- N
FAMILY HEALTH --- 
FAMILY HISTORY AND GENETICS --- N
FARM ANIMALS, INFECTIONS FROM --- N
FARM WORKER INJURIES --- N
FASCIOLIASIS / FASCIOLA INFECTION --- N
FASCIOLOPSIASIS / FASCIOLOPSIS INFECTION --- N
FASTSTATS A-Z --- N
FEDERAL HEALTHIER WORKSITE PROGRAM --- N
FERTILITY AND CANCER --- Y
FETAL ALCOHOL SYNDROME --- Y
FIBROUS GLASS --- N
FIELD EPIDEMIOLOGY AND LABORATORY TRAINING PROGRAM --- N
FIELD EPIDEMIOLOGY TRAINING PROGRAM --- N
FIFTH DISEASE --- N
FIGHTING WILDFIRES --- N
FILARIASIS --- N
FIRE FIGHTER FATALITY INVESTIGATION AND PREVENTION PROGRAM --- Y
FIRE FIGHTERS --- N
FIRE-RELATED INJURIES --- N
FIREWORKS INJURIES --- 
FIRING RANGES (INDOOR) --- N
FISH AND AMPHIBIANS, INFECTIONS FROM --- N
FIVE A DAY FRUITS AND VEGETABLES --- 
FLAVORINGS-RELATED LUNG DISEASE --- N
FLEAS, INFECTIONS FROM --- N
FLIGHT CREW RESEARCH PROGRAM AT NIOSH --- N
FLU --- Y
FLU VACCINATION --- Y
FLU VACCINATION DEATH --- N
FLUORIDATION --- Y
FOLIC ACID --- Y
FOLLICULITIS --- N
FOOD IRRADIATION --- N
FOOD SAFETY --- N
FOOD SAFETY TOOLS --- 
FOODBORNE DISEASE OUTBREAK RESPONSE AND SURVEILLANCE TEAM --- N
FOODNET --- N
FOOD-RELATED DISEASES --- N
FORESTRY / LOGGING --- N
FORMALDEHYDE --- N
FRAGILE X SYNDROME --- Y
FRANCISELLA TULARENSIS INFECTION --- N
FREEDOM OF INFORMATION ACT --- N
FRUITS AND VEGGIES MATTER --- N
FUKUSHIMA - DISCHARGE OF GROUNDWATER --- 
FUNDING ASSISTANCE DATA AND PROFILES --- N
FUNDING OPPORTUNITY --- Y
FUNDING OPPORTUNITY ANNOUNCEMENTS --- 
FUNGAL MENINGITIS --- Y
FUSARIUM KERATITIS --- N
GASTROINTESTINAL BASIDIOBOLOMYCOSIS --- 
GAY MEN'S HEALTH --- N
GENETIC ORGANIZATIONS AND ASSOCIATIONS --- N
GENETIC TESTING --- Y
GENETICS & GENOMICS --- Y
GENITAL CANDIDIASIS --- N
GENITAL HERPES --- Y
GENITAL WARTS --- N
GENOMICS & DISEASE PREVENTION --- N
GENOMICS & POPULATION RESEARCH --- Y
GENOMICS & PUBLIC HEALTH --- N
GEOGRAPHIC INFORMATION SYSTEMS --- N
GERMAN MEASLES --- N
GERMAN MEASLES VACCINE --- N
GET SMART ON THE FARM --- N
GET SMART: KNOW WHEN ANTIBIOTICS WORK PROGRAM --- N
GIARDIASIS/GIARDIA INFECTION --- N
GLANDERS --- N
GLOBAL HEALTH --- N
GLOBAL HEALTH ODYSSEY --- 
GLOBAL HIV/AIDS --- N
GLOBAL IMMUNIZATIONS AND VACCINATIONS --- N
GLOBAL MICRONUTRIENT LAB --- N
GLOBAL VACCINATION --- N
GLOBAL WATER, SANITATION, AND HYGIENE --- N
GLUTARALDEHYDE --- N
GLUTEN INTOLERANCE --- 
GNATHOSTOMIASIS / GNATHOSTOMA INFECTION --- N
GONORRHEA --- N
GRANTS & COOPERATIVE AGREEMENTS --- N
GROUND CONTROL IN MINING --- N
GROUP A STREPTOCOCCAL DISINFECTION --- 
GROUP A STREPTOCOCCAL INFECTION --- N
GROUP B STREPTOCOCCAL INFECTION --- N
GROWTH CHART (WHO) --- N
GROWTH CHARTS --- N
GUILLAIN-BARRE SYNDROME --- N
GUILLAIN-BARRE SYNDROME AND MENACTRA MENINGOCOCCAL VACCINE --- N
GULF STATES POPULATION SURVEY --- N
H1N1 in the U.S. (2009) --- Y
H1N1 in India (2015) --- 
H3N2v --- Y
H5N1 --- Y
H7N9 --- N
HAEMOPHILUS DUCREYI INFECTION --- 
HAEMOPHILUS INFLUENZAE SEROTYPE B (HIB) --- N
HAEMOPHILUS INFLUENZAE SEROTYPE B (HIB) VACCINE --- N
HAJJ --- N
HAND HYGIENE --- N
HAND HYGIENE IN HEALTHCARE SETTINGS --- N
HAND, FOOT, AND MOUTH DISEASE (HFMD) --- Y
HANSEN'S DISEASE --- N
HANTAVIRUS PULMONARY SYNDROME (HPS) --- N
HAZARDOUS DRUG EXPOSURES IN HEALTHCARE --- N
HAZARDOUS MATERIALS MANAGEMENT IN MINING --- 
HAZARDOUS WASTE SITES --- N
HEAD LICE --- Y
HEADS UP: CONCUSSION IN YOUTH SPORTS --- N
HEALTH CARE --- 
HEALTH COMMUNICATION --- 
HEALTH COMMUNITIES PROGRAM --- Y
HEALTH DISPARITIES --- N
HEALTH DISPARITIES IN CANCER --- Y
HEALTH DISPARITIES IN HIV/AIDS, VIRAL HEPATITIS, STDS AND TB --- N
HEALTH MARKETING --- 
HEALTH PROMOTION --- 
HEALTH PROTECTION GOALS --- 
HEALTH PROTECTION RESEARCH INITIATIVE (HPRI) --- 
HEALTH, UNITED STATES, 2007 --- 
HEALTHCARE-RELATED INFECTIONS --- N
HEALTHIER WORKSITE INITIATIVE --- N
HEALTH-RELATED QUALITY OF LIFE --- Y
HEALTHY COMMUNITIES --- 
HEALTHY HOMES --- N
HEALTHY HOUSING INSPECTION MANUAL --- N
HEALTHY HOUSING REFERENCE MANUAL --- N
HEALTHY JOINTS --- Y
HEALTHY LIVING --- N
HEALTHY PEOPLE 2010 --- N
HEALTHY PETS --- 
HEALTHY PETS HEALTHY PEOPLE --- N
HEALTHY PLACES --- N
HEALTHY SWIMMING --- N
HEALTHY YOUTH --- N
HEARING LOSS IN CHILDREN --- Y
HEARING LOSS, OCCUPATIONAL --- N
HEART DISEASE --- N
HEARTBLEED CYBERSECURITY BREACH --- 
HEARTLAND VIRUS --- N
HEAT STRESS --- N
HELIOBACTER PYLORI --- N
HEMOCHROMATOSIS --- Y
HEMOPHILIA --- Y
HEMORRHAGIC FEVER WITH RENAL SYNDROME --- N
HEPATITIS A OUTBREAK (2013) --- N
HEPATITIS A VACCINE --- N
HEPATITIS B VACCINE --- N
HEPATITIS, VIRAL --- N
HEREDITARY BLEEDING DISORDERS --- Y
HERPES SIMPLEX VIRUS INFECTION --- Y
HERPES ZOSTER --- N
HERPES ZOSTER VACCINATION --- N
HERPES, GENITAL (HERPES SIMPLEX VIRUS) --- Y
HETEROPHYIASIS / HETEROPHYES INFECTION --- 
HEXAVALENT CHROMIUM --- N
HIB INFECTION --- N
HIGH BLOOD PRESSURE --- N
HISTOPLASMOSIS / HISTOPLASMA CAPSULATUM DISEASE --- N
HISTORY OF CDC --- Y
HIV/AIDS --- Y
HIV/AIDS & STDS --- Y
HIV/AIDS, GLOBAL --- N
HOAXES & RUMORS --- N
HOLLYWOOD, HEALTH & SOCIETY --- 
HOME & HOSPICE CARE SURVEY --- N
HOMICIDE & VIOLENCE PREVENTION --- N
HOOKWORM INFECTION --- N
HORIZON OIL SPILL --- Y
HORSES, INFECTIONS FROM --- N
HOSPITAL DATA / INPATIENT CARE --- 
HOSPITAL/HEALTHCARE SETTING INFECTIONS --- N
HOT TUB RASH --- N
HUMAN GENOME EPIDEMIOLOGY NETWORK (HUGENET) --- N
HUMAN HERPESVIRUS 7 --- 
HUMAN IMMUNODEFICIENCY VIRUS (HIV) --- Y
HUMAN METAPNEUMOVIRUS --- 
HUMAN PAPILLOMAVIRUS (HPV) INFECTION --- Y
HUMAN PAPILLOMAVIRUS (HPV) VACCINE --- N
HUMAN PARAINFLUENZA VIRUS INFECTIONS --- N
HUMAN RESEARCH PROTECTION PROGRAM --- N
HUMAN SUBJECTS --- N
HUMAN T-CELL LYMPHOTROPIC VIRUS (HTLV) --- 
HURRICANES --- Y
HYDROFLUORIC ACID / HYDROGEN FLUORIDE --- Y
HYDROGEN CYANIDE (AC) --- N
HYMENOLEPIASIS / HYMENOLEPSIS INFECTION --- N
HYPERTENSION --- N
HYPERTHERMIA --- Y
HYPOTHERMIA --- N
HYSTERECTOMY --- N
IDIOPATHIC CD4+ T LYMPHOCYTOPENIA --- 
IEIP --- N
IMMIGRANT, REFUGEE AND MIGRANT HEALTH --- N
IMMUNIZATION --- N
IMMUNIZATION GRANT PROGRAM (SECTION 317) --- N
IMMUNIZATION INFORMATION SYSTEMS (IIS) --- N
IMMUNIZATION PROGRAM EVALUATION --- N
IMMUNIZATION REGISTRIES --- 
IMMUNIZATION SAFETY --- N
IMMUNIZATION SAFETY OFFICE --- N
IMMUNIZATION WORKS! --- N
IMMUNIZATION, FETAL USE IN VACCINE CREATION --- 
IMMUNIZATION, FETAL USE IN VACCINE CREATION --- 
IMMUNIZATION, FETAL USE IN VACCINE CREATION --- 
IMMUNIZATION, FETAL USE IN VACCINE CREATION --- 
IMMUNIZATION, FETAL USE IN VACCINE CREATION --- 
IMMUNODIAGNOSIS OF ENTERIC INFECTIONS --- 
IMPAIRED DRIVING --- N
IMPETIGO --- N
IN VITRO FERTILIZATION (IVF) --- N
INDOOR ENVIRONMENTAL QUALITY --- N
INDOOR FIRING RANGES --- N
INFANT & CHILD HEALTH --- N
INFECTION CONTROL --- N
INFECTIOUS AEROSOLS --- 
INFECTIOUS MONONUCLEOSIS --- N
INFERTILITY --- N
INFERTILITY AND STDS --- N
INFLAMMATORY BOWEL DISEASE --- N
INFLAMMATORY MYOPATHY --- 
INFLUENZA --- Y
INFLUENZA SURVEILLANCE DATA --- N
INFLUENZA VACCINATION --- N
INFLUENZA, AVIAN --- N
INJURY MAPS --- N
INJURY STATISTICS --- N
INJURY, SAFETY AND VIOLENCE --- N
INSECTICIDE RESISTANCE --- 
INSECTS AND ARTHROPOD-RELATED DISEASES --- 
INSTANT CHILDHOOD IMMUNIZATION SCHEDULER --- N
INSTITUTIONAL REVIEW BOARD --- N
INTEGRATED DISEASE SURVEILLANCE AND RESPONSE --- N
INTEGRATED PEST MANAGMENT --- N
INTERNATIONAL ADOPTION --- N
INTERNATIONAL CATALOG OF ARBOVIRUSES (ArboCAT) --- N
INTERNATIONAL CLASSIFICATION OF DISEASES (ICD-10) --- N
INTERNATIONAL EMERGENCY AND REFUGEE HEALTH --- N
INTERNATIONAL EMERGING INFECTIONS PROGRAM --- N
INTERNATIONAL EXPERIENCE & TECHNICAL ASSISTANCE PROGRAM --- N
INTERNATIONAL HEALTH --- N
INTERNATIONAL HEALTH REGULATIONS --- N
INTERNATIONAL MICRONUTRIENT MALNUTRITION PREVENTION & CONTROL PROGRAM (IMMPACT) --- N
INTERSTITIAL CYSTITIS --- N
INTIMATE PARTNER VIOLENCE --- N
INVASIVE CANDIDIASIS --- N
IODAMOEBA BUETSCHLII INFECTION --- N
IRON DEFICIENCY --- N
IRON OVERLOAD --- Y
IRRADIATED MAIL (HANDLING) --- N
IRRADIATION OF FOOD --- N
ISOCYANATES --- N
ISOLATION PRECAUTIONS --- N
IVF (IN VITRO FERTILIZATION) --- N
IXODES TICKS, INFECTIONS FROM --- N
JAIL HEALTH --- N
JAPANESE ENCEPHALITIS --- N
JAPANESE ENCEPHALITIS VACCINE --- N
JAUNDICE --- Y
KAPOSI'S SARCOMA --- 
KAWASAKI SYNDROME --- N
KERNICTERUS --- Y
KERR-McGEE CHEMICAL CORPORATION --- 
KIDSWALK-TO-SCHOOL PROGRAM --- 
KLEBSIELLA BACTERIA --- Y
KYASANUR FORREST VIRUS --- N
LA CROSSE ENCEPHALITIS --- Y
LAB MEASUREMENTS IN PEOPLE --- 
LAB SPECIMENS --- 
LABORATORY ANIMALS --- N
LABORATORY BIOSAFETY PUBLICATION --- N
LABORATORY GLOBAL RESOURCES --- 
LABORATORY GUIDELINES AND STANDARDS --- N
LABORATORY PERSONNEL ISSUES --- N
LABORATORY PRACTICES, MONITORING --- N
LABORATORY RESEARCH PERMITS FOR SELECT AGENTS / NATIONAL SELECT AGENTS REGISTRY PROGRAM --- 
LAMP PROGRAM --- N
LAND USE --- 
LANDFILLS --- 
LASSA FEVER --- N
LASSA FEVER IN THE U.S. (2015) --- 
LATEX ALLERGIES --- N
LAW --- N
LAWYER INQUIRIES --- 
LCP CHEMICALS SUPERFUND SITE --- N
LEAD --- N
LEAD AND MULTIELEMENT PROFICIENCY PROGRAM --- N
LEAD POISONING --- N
LEGIONNAIRES' DISEASE --- N
LEISHMANIASIS / LEISHMANIA INFECTION --- N
LEPROSY --- N
LEPTOSPIROSIS / LEPTOSPIRA INFECTION --- N
LESBIAN HEALTH --- N
LESBIAN, GAY, BISEXUAL, AND TRANSGENDER HEALTH --- N
LEUKOCYTOCLASTIC VASCULITIS --- 
LEWISITE (L, L-1, L-2, L-3) --- Y
LIFE STAGES --- Y
LIFE TABLE ANALYSIS SYSTEM --- N
LIPID REFERENCE LABORATORY --- N
LISTERIA IN FRESH FRUIT - RECALL --- 
LISTERIA IN SABRA HUMMUS (2015) --- 
LISTERIA RECALLS (2015) --- Y
LISTERIOSIS / LISTERIA INFECTION --- Y
LIVER DISEASE AND VIRAL HEPATITIS --- N
LOAIASIS / LOA LOA INFECTION --- N
LOCKJAW (TETANUS) VACCINE --- N
LOGGING SAFETY (INJURY) --- N
LONG-ACTING ANTICOAGULANT --- N
LUMBER LIQUIDATORS --- 
LUNG CANCER --- Y
LUPUS --- N
LYME CARDITIS --- N
LYME DISEASE --- N
LYME DISEASE VACCINE --- 
H1N1 in India (2015) --- N
LYMPHOCYTIC CHORIOMENINGITIS --- N
LYMPHOGRANULOMA VENEREUM (LGV) --- N
MACHINE SAFETY (INJURY) --- Y
MAD COW DISEASE --- N
MALARIA --- N
MAMMOGRAMS --- Y
MANGANESE --- N
MANUAL FOR THE SURVEILLANCE OF VACCINE-PREVENTABLE DISEASES --- N
MARBURG HEMORRHAGIC FEVER --- N
MARINE TOXINS --- N
MARINE VIBRIONACEAE --- 
MARKETING, HEALTH --- 
MARRIAGE DATA --- N
MASK (FLU-RELATED) --- 
MASK (HEALTHCARE SETTING) --- Y
MASK (WORKPLACE-RELATED) --- Y
MASS TRAUMA --- N
MASTER --- N
MATERNAL & CHILD HEALTH --- N
MATERNAL & CHILD NUTRITION --- 
MATERNAL INFLUENZA INFECTION --- 
MEANINGFUL USE --- N
MEASLES --- N
MEASLES VACCINE --- N
MELIOIDOSIS --- N
MEN WHO HAVE SEX WITH MEN (MSM), HEALTH OF --- N
MENINGITIS (BACTERIAL AND VIRAL) --- N
MENINGOCOCCAL DISEASE (BACTERIAL) --- N
MENINGOCOCCAL MENINGITIS --- N
MENINGOCOCCAL SEPTICEMIA --- N
MENINGOCOCCAL VACCINATION --- N
MENINGOGOCCAL DISEASE IN THE NEWS (2015) --- 
MENOPAUSE --- N
MEN'S HEALTH --- Y
MENTAL HEALTH --- N
MENTAL RETARDATION --- N
MERCURY --- Y
MERCURY AND VACCINES --- N
METALWORKING FLUIDS --- N
METHANE MONITORS IN MINING --- N
METHICILLIN RESISTANT STAPHYLOCOCCUS AUREUS --- N
METHYL ETHYL KETONE --- N
METHYL TERT-BUTYL ETHER --- N
METHYLENE CHLORIDE (DICHLOROMETHANE) --- N
MICRONUTRIENT MALNUTRITION --- N
MICRONUTRIENTS --- 
MICROSPORIDIOSIS / MICROSPORIDIA INFECTION --- N
MIDDLE EAST RESPIRATORY SYNDROME CORONAVIRUS (MERS-CoV) --- N
MILKER’S NODULE-NON SENTINEL EVENT --- 
MILKER’S NODULE-SENTINEL EVENT --- 
MIMIVIRUS --- 
MINING --- N
MINORITY HEALTH --- N
MITE INFESTATION --- N
MMR VACCINE --- N
MMR VACCINE AND AUTISM --- N
MODEL AQUATIC HEALTH CODE --- 
MODEL PERFORMANCE EVALUATION PROGRAM --- N
MOLD --- N
MOLD INFECTION --- 
MOLLUSCUM CONTAGIOSUM --- N
MOLLUSCUM CONTAGIOSUM (VARIOUS TOPICS ALREADY COVERED BY CDC INFO) --- N
MONITORING DEVELOPMENTAL DISABILITIES --- Y
MONITORING LABORATORY PRACTICES IN THE UNITED STATES --- N
MONKEYPOX --- N
MONKEYPOX LABORATORY ACCIDENT --- 
MONKEYPOX LABORATORY DIAGNOSTICS --- 
MONKEYPOX VACCINE --- N
MONKEYPOX-NON SENTINEL EVENT --- 
MONKEYPOX-SENTINEL EVENT --- 
MONOSODIUM GLUTAMATE --- 
MORBIDITY & MORTALITY WEEKLY REPORT --- N
MORGANELLA CITROBACTER ENTEROCOCCUS --- 
MORGELLON'S DISEASE --- N
MORNING AFTER PILL, THE --- 
MORTALITY DATA --- N
MOSQUITO-BORNE DISEASES --- N
MOTOR VEHICLE-RELATED INJURIES --- N
MPEP --- N
MULTIDRUG-RESISTANT TB (MDR TB) --- Y
MULTI-LEVEL ANTIMICROBIAL SUSCEPTIBILITY TESTING RESOURCES (MASTER) --- N
MULTIPLE VACCINES & THE IMMUNE SYSTEM --- N
MUMPS --- N
MUMPS VACCINE --- N
MURINE TYPHUS --- N
MUSCULOSKELETAL DISORDERS --- N
MUSTARD GAS (H, HD, and HT) ) --- Y
MYCOBACTERIUM ABSCESSUS INFECTION --- N
MYCOBACTERIUM AVIUM COMPLEX (MAC) - NON STI (HIV&TB) --- 
MYCOBACTERIUM AVIUM COMPLEX (MAC) - TB & HIV related --- N
MYCOBACTERIUM GORDONAE --- 
MYCOBACTERIUM INFECTION CONTROL (HEALTHCARE SETTINGS) --- 
MYCOBACTERIUM SZULGAI --- 
MYCOBACTERIUM TUBERCULOSIS INFECTION --- Y
MYCOPLASMA PNEUMONIAE INFECTION --- N
MYIASIS --- N
"MYSTERY" ILLNESS --- 
NAEGLERIA INFECTION --- N
NANOTECHNOLOGY --- Y
NASOPHARYNGEAL RADIUM IRRADIATION --- N
NATALITY DATA --- N
NATIONAL ADULT TOBACCO SURVEY (NATS) --- N
NATIONAL AMBULATORY MEDICAL CARE SURVEY (NAMCS) --- N
NATIONAL ANTIMICROBIAL RESISTANCE MONITORING SYSTEM --- N
NATIONAL ASSOCIATION OF CHRONIC DISEASE DIRECTORS (NACDD) --- N
NATIONAL CENTER FOR INJURY PREVENTION AND CONTROL SUCCESS STORIES PORTAL PORTAL --- N
NATIONAL CONFERENCE ON HEALTH COMMUNICATION, MARKETING, AND MEDIA --- N
NATIONAL DATA --- N
NATIONAL ENVIRONMENTAL PUBLIC HEALTH TRACKING PROGRAM --- N
NATIONAL EXPOSURE REPORT --- 
NATIONAL HEALTH AND NUTRITION EXAMINATION SURVEY (NHANES) --- Y
NATIONAL HEALTH INTERVIEW SURVEY (NHIS) --- N
NATIONAL HEALTHCARE SAFETY NETWORK --- N
NATIONAL HOME AND HOSPICE CARE SURVEY --- N
NATIONAL HOME HEALTH AIDE SURVEY --- N
NATIONAL HOSPITAL AMBULATORY MEDICAL CARE SURVEY (NHAMCS) --- N
NATIONAL HOSPITAL CARE SURVEY (NHCS) --- N
NATIONAL HOSPITAL DISCHARGE AND AMBULATORY SURGERY DATA --- 
NATIONAL HOSPITAL DISCHARGE SURVEY (NHDS) --- N
NATIONAL IMMUNIZATION SURVEY (NIS) --- Y
NATIONAL INSTITUTE FOR OCCUPATIONAL SAFETY & HEALTH (NIOSH) --- Y
NATIONAL INTIMATE PARTNER AND SEXUAL VIOLENCE SURVEILLANCE SUMMARY REPORT (2010) --- N
NATIONAL LABORATORY TRAINING NETWORK --- N
NATIONAL NOTIFIABLE DISEASES SURVEILLANCE SYSTEM --- 
NATIONAL NURSING HOME SURVEY --- N
NATIONAL OFFICE OF PUBLIC HEALTH GENOMICS --- Y
NATIONAL PUBLIC HEALTH PERFORMANCE STANDARDS PROGRAM --- N
NATIONAL REPORT ON BIOCHEMICAL INDICATORS OF DIET AND NUTRITION IN THE U. S. POPULATION --- N
NATIONAL REPORT ON HUMAN EXPOSURE TO ENVIRONMENTAL CHEMICALS --- N
NATIONAL RESPIRATORY AND ENTERIC VIRUS SURVEILLANCE SYSTEM --- N
NATIONAL STUDY OF LONG-TERM CARE PROVIDERS (NSLTCP) --- N
NATIONAL SURVEY OF AMBULATORY SURGERY (NSAS) --- N
NATIONAL SURVEY OF FAMILY GROWTH (NSFG) --- Y
NATIONAL SURVEY OF MATERNITY PRACTICES IN INFANT NUTRITION AND CARE (mPINC) --- N
NATIONAL SURVEY OF RESIDENTIAL CARE FACILITIES (NSRCF) --- N
NATIONAL VIOLENT DEATH REPORTING SYSTEM (NVDRS) --- N
NATIONAL VITAL STATISTICS REPORTS --- N
NATIVE AMERICAN MOTOR VEHICLE SAFETY --- N
NATURAL DISASTERS --- N
NCHS DATA BRIEF MAILING REMOVAL --- 
NCHS DOQS --- N
NCHS MEDIA --- 
NCIRD ANNUAL REPORT --- 
NECROTIZING FASCIITIS --- N
NEEDLEFREE INJECTIONS --- 
NEEDLESTICKS --- Y
NEISSERIA GONORRHOEAE INFECTION --- Y
NEISSERIA MENINGITIDIS --- N
NEPHROCALCINOSIS --- 
NEURAL TUBE DEFECTS --- Y
NEURITIS --- 
NEUROFIBROMATOSIS --- 
NEUROLOGIC ILLNESS/LIMB WEAKNESS --- 
NEWBORN JAUNDICE --- Y
NEWBORN SCREENING --- N
NIOSH MANUAL OF ANALYTICAL METHODS (NMAM) --- N
NIOSH POCKET GUIDE TO CHEMICAL HAZARDS --- Y
NIPAH VIRUS ENCEPHALITIS --- N
NITROGEN MUSTARD (HN-1, HN-2, HN-3) --- Y
NITROUS OXIDE --- N
NLTN --- N
NOCARDIOSIS --- N
NOISE --- N
NONPATHOGENIC (HARMLESS) INTESTINAL PROTOZOA --- N
NON-POLIO ENTEROVIRUS INFECTIONS --- N
NONTUBERCULOSIS MYCOBACTERIUM --- 
NOOTKATONE --- 
NOROVIRUS INFECTION --- N
NURSING HOME CARE SURVEY --- 
NUTRITION --- N
NUTRITION & PHYSICAL ACTIVITY DATA AND SURVEILLANCE --- N
OBESITY & GENETICS --- N
OBESITY AND OVERWEIGHT --- N
OBSTETRICAL PROCEDURES STATISTICS --- N
OCCUPATIONAL CANCERS --- N
OCCUPATIONAL HEALTH PSYCHOLOGY --- N
OCCUPATIONAL HEALTH STATISTICS --- 
OCCUPATIONAL HEARING LOSS --- N
OCCUPATIONAL RESPIRATORY DISEASE SURVEILLANCE --- N
OCCUPATIONAL SENTINEL HEALTH EVENTS (SHEO) --- N
OCCUPATIONAL SKIN CONDITIONS --- N
OFFICE ENVIRONMENT & WORKER SAFETY AND HEALTH --- N
OFFICE OF GLOBAL HEALTH --- N
OFFICE OF PUBLIC HEALTH RESEARCH --- 
OFFICE OF THE CHIEF SCIENCE OFFICER --- 
OIL SPILL, Santa Barbara, May 2015 --- 
OLDER ADULTS --- N
OLDER DRIVERS --- N
OMSK HEMORRHAGIC FEVER --- N
ONCHOCERCIASIS, ONCHOCERCA INFECTION --- N
ONE HEALTH --- N
ONLINE PUBLICATIONS --- N
OPISTHORCHIASIS / OPISTHORCHIS INFECTION --- N
ORAL CANCER --- N
ORAL HEALTH, TEETH --- N
ORAL VIRAL LESION --- 
ORF VIRUS --- N
ORF VIRUS-SENTINEL EVENT --- 
ORGANIC SOLVENTS --- Y
OROPHARYNGEAL CANDIDIASIS --- N
ORST --- 
OSMIUM TETROXIDE --- Y
OSTEOARTHRITIS --- Y
OSTEOPOROSIS --- N
OTITIS MEDIA --- Y
OVARIAN CANCER --- Y
OVERWEIGHT AND OBESITY --- N
OZONE --- N
PAINKILLER OVERDOSES --- N
PANDEMIC FLU --- Y
PAP TESTS --- Y
PARAGONIMIASIS / PARAGONIMUS INFECTION --- N
PARAPOX, TREATMENT-NON SENTINEL EVENT --- 
PARAPOX, TREATMENT-SENTINEL EVENT --- 
PARAPOX-NON SENTINEL EVENT --- 
PARAPOX-SENTINEL EVENT --- 
PARAQUAT --- Y
PARECHOVIRUS --- N
PARVOVIRUS B19 INFECTION --- N
PASSPORT --- 
 --- 
 --- 
 --- 
 --- 
 --- 
 --- 
PELVIC INFLAMMATORY DISEASE (PID) --- Y
PERCHLORATE --- N
PERSIAN GULF WAR STUDIES --- 
PERSONS WITH DISABILITIES --- N
PERTUSSIS --- N
PERTUSSIS / WHOOPING COUGH OUTBREAKS --- Y
PERTUSSIS / WHOOPING COUGH PROPHYLAXIS --- N
PERTUSSIS VACCINE --- N
PESTICIDE ILLNESS & INJURY SURVEILLANCE --- N
PESTICIDE LABORATORY MEASUREMENTS --- 
PESTICIDES (FOR CONTROL OF VECTOR-BORNE DISEASES) --- 
PETS --- N
PHARMACOGENOMICS --- N
PHILADELPHIA CHILDHOOD BLOOD LEAD STUDY --- 
PHLIS --- 
PHOSGENE (CG) --- Y
PHOSGENE OXIME (CX) --- Y
PHOSPHINE --- Y
PHOSPHORUS, ELEMENTAL, WHITE OR YELLOW --- Y
PHTHALATES --- N
PHYSICAL ACTIVITY --- N
PHYSICAL ACTIVITY FOR SENIORS --- N
PICOBIRNAVIRUS --- 
PINK BOOK --- N
PLAGUE --- N
PLAYGROUND INJURIES --- N
PLEURISY --- 
PNEUMOCOCCAL CONJUGATE VACCINE (PCV) FOR CHILDREN --- N
PNEUMOCOCCAL DISEASE --- N
PNEUMOCOCCAL MENINGITIS --- N
PNEUMOCOCCAL POLYSACCHARIDE VACCINE (PPV) FOR ADULTS --- Y
PNEUMOCONIOSES --- N
PNEUMOCYSTIS CARINII PNEUMONIA --- N
PNEUMOCYSTIS JIROVECII PNEUMONIA --- N
PNEUMOCYSTIS PNEUMONIA --- N
PNEUMONIA --- Y
PODCASTS / RSS --- N
POISONING --- Y
POISONING --- 
POISONOUS ANIMAL AND INSECT BITES AND STINGS --- N
POLIO (POLIOMYELITIS) INFECTION --- N
POLIO (POLIOMYELITIS) VACCINE --- N
POLIO VACCINE & CANCER --- 
POLIO VACCINE & ORIGIN OF HIV/AIDS --- 
POLIO-LIKE ILLNESS --- 
POLYBROMINATED DIPHENYL ETHERS --- N
PONTIAC FEVER --- N
POST-TREATMENT LYME DISEASE SYNDROME --- N
POTASSIUM CYANIDE (KCN) --- Y
POWASSAN VIRUS --- N
POWERFUL BONES, POWERFUL GIRLS --- 
PREGNANCY --- Y
PREGNANCY EXPOSURE IN WORKPLACE --- 
PREGNANCY NUTRITION SURVEILLANCE SYSTEM (PNSS) --- N
PREGNANCY PREVENTION --- N
PRESCRIPTION DRUG OVERDOSE --- N
PRESIDENT'S EMERGENCY PLAN FOR AIDS RELIEF (PEPFAR) --- 
PRESIDENT'S MALARIA INITIATIVE --- N
PREVENTING CHRONIC DISEASE JOURNAL --- N
PREVENTION OF MOTHER TO CHILD HIV TRANSMISSION GLOBALLY --- N
PREVENTION RESEARCH --- N
PREVENTION RESEARCH CENTERS --- N
PREVENTIVE HEALTH AND HEALTH SERVICES BLOCK GRANT --- N
PRION DISEASES --- N
PRISON HEALTH --- N
PROCUREMENT --- Y
PROGRAM COLLABORATION AND SERVICE INTEGRATION --- N
PROGRESSIVE VACCINIA --- N
PROSTATE CANCER --- Y
PROTECTIVE CLOTHING --- N
PROTEUS HAUSERI --- 
PSEUDOCOWPOX VIRUS-NON SENTINEL EVENT --- 
PSEUDOCOWPOX VIRUS-SENTINEL EVENT --- 
PSEUDOMONAS --- N
PSITTACOSIS --- N
PUBIC LICE --- Y
PUBLIC HEALTH ETHICS --- N
PUBLIC HEALTH GENOMICS --- Y
PUBLIC HEALTH IMAGE LIBRARY (PHIL) --- N
PUBLIC HEALTH INFORMATION NETWORK (PHIN) --- N
PUBLIC HEALTH LABORATORY INFORMATION SYSTEM --- 
PUBLIC HEALTH LAW PROGRAM OFFICE --- N
PUBLIC HEALTH RESEARCH --- 
PUBLICATIONS & SOFTWARE --- N
PULMONARY AGENTS --- Y
PULMONARY HYPERTENSION --- N
PULSENET --- N
PYROLURIA --- 
Q FEVER --- N
QUALITY OF LIFE, HEALTH-RELATED --- Y
QUANTIFERON-TB GOLD (QFT-G) TEST --- 
QUARANTINE --- N
RABIES --- Y
RABIES ORAL VACCINE (HUMAN CONTACT WITH)-NON SENTINEL EVENT --- 
RABIES ORAL VACCINE (HUMAN CONTACT WITH)-SENTINEL EVENT --- 
RABIES VACCINE --- N
RACCOONPOX --- 
Radford (Virginia) Army Ammunition Report for Public Comment --- N
RADIATION EMERGENCIES --- N
RADIATION STUDIES --- N
RADON RESEARCH --- 
RAPID TOXIC SCREEN --- N
RAT BITE FEVER --- N
REACH 2010 --- 
REACH U.S. --- 
RECALLED VACCINES --- N
RECREATIONAL WATER / HEALHTY SWIMMING --- N
REFUGEE HEALTH --- N
RELAPSING FEVER --- N
REPORTING VACCINE REACTIONS --- N
REPRODUCTIVE HEALTH --- N
REPTILES, INFECTIONS FROM --- N
RESEARCH --- 
RESEARCH AGENDA --- 
RESPIRATORS --- Y
RESPIRATORY SYNCYTIAL VIRUS INFECTION --- N
RFP SOLICITATIONS --- N
RHEUMATIC FEVER --- 
RHEUMATOID ARTHRITIS --- Y
RHINOVIRUS --- 
RICIN --- Y
RICKETTSIAL DISEASES --- N
RIFT VALLEY FEVER --- N
RINGWORM INFECTION --- N
RIOT CONTROL AGENTS --- N
ROCKY MOUNTAIN SPOTTED FEVER (RMSF) --- N
RODENT CONTROL --- N
RODENT-BORNE DISEASES / RODENT-RELATED DISEASES --- N
ROSEOLA INFANTUM --- N
ROTAVIRUS INFECTION --- N
ROTAVIRUS VACCINE --- N
ROTAVIRUS VACCINE & INTUSSUSCEPTION --- N
RUBELLA (GERMAN MEASLES) VACCINE --- N
RUBELLA VIRUS INFECTION --- N
RUBEOLA --- N
SAFE WATER SYSTEM --- N
SAFETY BELTS --- N
SAFETY OF RECALLED VACCINES --- N
SALMONELLA AND TURTLES --- N
SALMONELLA ENTERITIDIS --- N
SALMONELLA INFECTION / SALMONELLOSIS --- N
SALMONELLA TYPHI INFECTION --- N
SAPOVIRUS --- N
SAPPINIA --- N
SARCOIDOSIS --- 
SARIN (GB) --- Y
SARS --- Y
SAS PROGRAMS FOR GROWTH CHARTS --- N
SCABIES --- N
SCARLET FEVER --- N
SCHISTOSOMIASIS / SCHISTOSOMA INFECTION --- N
SCHOOL HEALTH --- N
SCHOOL HEALTH INDEX --- N
SCHOOL SHOOTING --- N
SCRUB TYPHUS --- 
SEALPOX/SEA LION POX --- 
SEASONAL FLU --- Y
SEASONAL FLU TESTING --- Y
SEAT BELTS --- N
SECONDHAND SMOKE --- N
SEIZURES --- Y
SELECT AGENT PROGRAM --- N
SEMICONDUCTOR MANUFACTURING --- N
SEPSIS --- 
SERRATIA --- 
SEVERE ACUTE RESPIRATORY SYNDROME (SARS) --- Y
SEX EDUCATION --- 
SEXUAL HEALTH --- N
SEXUAL VIOLENCE --- N
SEXUALLY TRANSMITTED DISEASE SURVEILLANCE REPORTS --- N
SEXUALLY TRANSMITTED DISEASES (STDS) --- Y
SHARPS SAFETY --- N
SHELLFISH --- 
SHIGA TOXIN-PRODUCING E. COLI --- N
SHIGA TOXIN-PRODUCING ESCHERICHIA COLI --- N
SHIGELLOSIS /SHIGELLA INFECTION --- N
SHINGLES --- N
SHINGLES VACCINE --- N
SICK BUILDING SYNDROME --- 
SICKLE CELL DISEASE --- Y
SIDS INVESTIGATIONS --- N
SILICA --- Y
SINGLE GENE DISORDERS --- 
SKIN CANCER --- Y
SKIN EXPOSURES AND EFFECTS --- N
SKUNKPOX --- 
SLEEP AND SLEEP DISORDERS --- N
SMALL BUSINESS --- N
SMALLPOX --- Y
SMALLPOX (SUSPICIOUS EVENT) --- 
SMALLPOX VACCINE --- Y
SMALLPOX VACCINE LABORATORY WORKER --- 
SMALLPOX VACCINE: ACIP RECOMMENDATIONS --- 
SMALLPOX VACCINE: ADVERSE EVENT --- N
SMALLPOX VACCINE: ADVERSE EVENT, TREATMENT --- N
SMALLPOX VACCINE: BIOTERRORISM POLICY AND PLANNING --- 
SMALLPOX VACCINE: PROCUREMENT --- 
SMOKELESS (ORAL) TOBACCO --- N
SMOKING AND TOBACCO USE --- N
SMOKING AND WOMEN --- N
SNAPS data --- N
SNEEZE --- 
SOCIAL DETERMINANTS OF HEALTH --- N
SOCIAL MARKETING --- 
SOCIAL MEDIA --- Y
SODIUM AZIDE --- Y
SODIUM CYANIDE (NACN) --- N
SOFTWARE --- N
SOMAN (GD) --- Y
SORE MOUTH-NON SENTINEL EVENT --- N
SORE MOUTH-SENTINEL EVENT --- 
SOUTHERN TICK-ASSOCIATED RASH ILLNESS --- N
SPANISH INQUIRIES --- 
H1N1 in India (2015) --- N
SPECIAL OR UNUSUAL BACTERIAL PATHOGENS --- Y
SPIRILLUM MINUS INFECTION --- N
SPIROMETRY TRAINING COURSE --- N
SPOROTRICHOSIS --- N
SPORTS INJURIES --- N
SPRAYING AIRCRAFT FOR INSECTS --- N
SPRINGTAILS --- 
SQUIRRELPOX --- 
ST. LOUIS ENCEPHALITIS --- 
STAPH MENINGITIS --- 
STAPHYLOCOCCUS FOOD POISONING --- N
STATE AND LOCAL AREA INTEGRATED TELEPHONE SURVEY (SLAITS) --- N
STATE HEALTH PROFILES --- 
STATE INJURY SURVEILLANCE PROGRAMS --- 
STATE PREPAREDNESS --- N
STATISTICAL ANALYSIS BATTERY FOR EPIDEMIOLOGICAL RESEARCH (SABER) --- Y
STATISTICAL EXPORT AND TABULATION SYSTEM (SETS) --- N
STATISTICS- SCHOOL HEALTH OR SCHOOL AGED CHILDREN --- 
STD PREVENTION --- N
STDS --- Y
STDS AND HIV/AIDS --- Y
STENOTROPHOMONAS --- 
STEPS/ HEALTH COMMUNITIES --- Y
STILLBIRTH --- N
STOMACH FLU --- N
STOP TRANSMISSION OF POLIO --- N
STORMS AND FLOODS --- Y
STRATEGIC NATIONAL STOCKPILE (SNS) --- N
STREP THROAT --- N
STREPTOBACILLUS MONILIFORMIS INFECTION --- N
STREPTOCOCCAL DISEASES --- N
STREPTOCOCCUS PNEUMONIAE INFECTION --- N
STRESS, OCCUPATIONAL --- Y
STROKE --- N
STRONGYLOIDIASIS / STRONGYLOIDES INFECTION --- N
STRYCHNINE --- Y
STYRENE --- N
SUBSTANCE ABUSE --- N
SUDDEN INFANT DEATH SYNDROME (SIDS) --- N
SUICIDE --- N
SULFUR DIOXIDE --- N
SULFUR MUSTARD (H) --- Y
SUPER WARFARIN --- Y
SURGEON GENERAL'S REPORTS ON SMOKING --- N
SURVEILLANCE --- N
SURVEILLANCE REPORTS, SEXUALLY TRANSMITTED DISEASE --- N
SURVEYS & DATA COLLECTION SYSTEMS --- N
SUSTAINABILITY PROGRAM --- 
SUSTAINABLE MANAGEMENT TRAINING PROGRAM --- N
SWIMMER'S ITCH --- N
SWIMMING RELATED ILLNESSES --- N
SYNDEMICS --- 
SYNTHETIC CHEMICALS --- 
SYNTHETIC MARIJUANA --- 
SYPHILIS --- Y
TABUN (GA) --- Y
TAENIASIS / TAENIA INFECTION --- Y
TAKE HOME TOXINS --- N
TANAPOX-NON SENTINEL EVENT --- 
TANAPOX-SENTINEL EVENT --- 
TEAR GASES --- N
TECHNICAL SUPPORT --- 
TECHNOLOGY TRANSFER --- N
TEEN DRIVING --- N
TEEN HEALTH --- N
TEEN PREGNANCY --- N
TEETH --- N
TELEBRIEFING TRANSCRIPTS --- Y
TERRORISM --- N
TESTICULAR CANCER --- N
TETANUS DISEASE --- N
TETANUS VACCINE --- N
TETRACHLOROETHYLENE (PERCHLOROETHYLENE) --- N
THALASSEMIA --- Y
THALLIUM --- Y
THERAPEUTIC DRUG USE STATISTICS --- N
THIMEROSAL (MERCURY) AND VACCINE --- N
THROMBOPHILIA --- Y
THROMBOSIS --- Y
THRUSH --- N
THYROID DISEASE --- N
TICK BITES, INJURIES FROM --- N
TICKBORNE DISEASES --- N
TICK-BORNE RELAPSING FEVER --- N
TIPS FROM FORMER SMOKERS CAMPAIGN --- Y
TOBACCO AND WOMEN --- 
TOBACCO POLICIES --- N
TOBACCO USE PREVENTION --- N
TOBACCO USE, SMOKING AND --- N
TOBACCO, SMOKELESS (ORAL) --- N
TOLUENE --- N
TORNADOES --- N
TOXIC SHOCK SYNDROME --- N
TOXICOLOGY PROFILES --- N
TOXOCARIASIS / TOXOCARA INFECTION --- N
TOXOPLASMOSIS / TOXOPLASMA INFECTION --- N
TRACHOMA INFECTION --- N
TRAINING PROGRAMS IN EPIDEMIOLOGY PUBLIC HEALTH INTERVENTIONS NETWORK --- 
TRAINING RESEARCH AND EVALUATION --- 
TRANS FATTY ACIDS --- N
TRANSGENDER HEALTH --- N
TRAUMA, MASS --- N
TRAUMATIC BRAIN INJURY (TBI) --- N
TRAUMATIC OCCUPATIONAL INJURIES --- N
TRAVELERS' DIARRHEA --- N
TRAVELERS' HEALTH --- N
TRAVELERS' REQUIRED IMMUNIZATIONS --- N
TRAVELING WITH CHILDREN --- N
TRENCHING AND EXCAVATION --- N
TREPONOMA PALLIDUM --- Y
TRIBAL CONSULTATION ADVISORY COMMITTEE (TCAC) --- N
TRIBAL CONSULTATION POLICY --- N
TRICHINELLOSIS/TRICHINOSIS --- N
TRICHLOROETHYLENE --- N
TRICHOMONIASIS / TRICHOMONAS INFECTION --- Y
TRICHURIASIS / TRICHURIS INFECTION --- N
TRISOMY 21 --- Y
TSUNAMI --- N
TUBERCULOSIS (TB) --- Y
TUBERCULOSIS QUARTERLY TABLE --- 
TUBERCULOSIS SKIN TEST --- Y
TUBERCULOSIS SURVEILLANCE REPORTS --- N
TUBERCULOSIS VACCINE --- N
TULAREMIA --- N
TUSKEGEE HEALTH BENEFIT PROGRAM --- N
TUSKEGEE SYPHILIS STUDY --- N
TYPHOID FEVER --- N
TYPHOID FEVER VACCINE --- N
TYPHUS --- 
U.S. MEC WHEELS (BIRTH CONTROL) --- N
ULCER --- N
UNACCOMPANIED CHILDREN --- 
UNDULANT FEVER --- N
UNIDENTIFIED CHEMICAL --- N
UNINTENDED PREGNANCY PREVENTION --- N
UNITED STATES CANCER STATISTICS --- N
UNITED STATES MEDICAL ELIGIBILITY CRITERIA FOR CONTRACEPTIVE USE --- N
UNIVERSAL DATA COLLECTION UPDATES --- Y
UREAPLASMA INFECTION --- 
VACCINATION --- N
VACCINE ADVERSE EVENT REPORTING SYSTEM (VAERS) --- N
VACCINE CONCERNS --- N
VACCINE INFORMATION STATEMENTS (VIS) --- N
VACCINE MANAGEMENT BUSINESS IMPROVEMENT PROJECT --- N
VACCINE SAFETY --- N
VACCINE SAFETY, INTUSSUSCEPTION AND ROTAVIRUS VACCINE --- N
VACCINE SIDE EFFECTS --- N
VACCINE STORAGE --- N
VACCINE-PREVENTABLE DISEASES AND SPECIFIC VACCINES --- N
VACCINES --- N
VACCINIA --- Y
VACCINIA CONTACT --- 
VACCINIA GENERALIZED --- N
VACCINIA IMMUNE GLOBULIN (VIGIV) --- N
VACCINIA IMMUNOGLOBULIN NON SENTINEL EVENT --- 
VACCINIA LABORATORY ACCIDENT --- 
VACCINIA LABORATORY DIAGNOSTICS-NON SENTINEL EVENT --- 
VACCINIA LABORATORY DIAGNOSTICS-SENTINEL EVENT --- 
VACCINIA PROGRESSIVE --- N
VACCINIA TRANSMISSION (AFTER SMALLPOX VACCINATION) --- 
VACCINIA VACCINE ADVERSE EFFECTS --- N
VACCINIA VIRUS: TREATMENT w/ VACCINIA IMMUNE GLOBULIN (VIGIV) --- 
VACCINIA, PREGNANCY --- N
VACMAN VACCINE MANAGEMENT SYSTEM --- N
VAGINAL YEAST INFECTION --- N
VANCOMYCIN-INTERMEDIATE/RESISTANT STAPHYLOCOCCUS AUREUS INFECTIONS --- N
VANCOMYCIN-RESISTANT ENTEROCOCCI --- N
Variant CREUTZFELDT-JAKOB DISEASE (vCJD) --- N
VARICELLA (CHICKENPOX) VACCINE --- N
VARICELLA DISEASE --- N
VARICELLA-ZOSTER VIRUS INFECTION --- N
VARIOLA VIRUS --- Y
VARIOLA VIRUS LABORATORY DIAGNOSTICS --- N
VECTOR CONTROL --- N
VECTOR-BORNE DISEASE REAGENT ORDERING FORMS --- N
VECTOR-BORNE DISEASES --- N
VEHICLE SAFETY --- N
VENTILATION IN MINING --- N
VERMICULITE --- N
VESSEL SANITATION AND HEALTH --- N
VETERAN'S HEALTH --- N
VETERINARY BIOTHREAT AGENTS --- N
VIBRATION --- N
VIBRIO CHOLORAE INFECTION --- N
VIBRIO PARAHAEMOLYTICUS INFECTION --- N
VIBRIO VULNIFICUS INFECTION --- N
VIEQUES REPORT (2011) --- N
VIETNAM STUDIES --- N
VIOLENCE --- N
VIRAL GASTROENTERITIS --- N
VIRAL HEMORRHAGIC FEVERS --- N
VIRAL HEPATITIS --- N
VIRAL MENINGITIS --- N
VISION IMPAIRMENT --- N
VITAL AND HEALTH STATISTICS REPORTS (RAINBOW SERIES) --- N
VITAL-EQA --- N
VITAMINS --- N
VOLATILE ORGANIC COMPOUNDS --- N
VOLCANOES --- N
VOLEPOX --- 
VON RECKLINGHAUSEN DISEASE --- 
VON WILLEBRAND DISEASE --- Y
VPD SURVEILLANCE MANUAL --- N
WASTE WATER (ONSITE) --- N
WATERBORNE DISEASE --- N
WATER-RELATED DISEASES --- N
WATER-RELATED INJURIES --- N
WEBSITE ERRORS --- 
WEGENER'S GRANULOMATOSIS --- 
WELL WATER QUALITY --- N
WEST NILE VIRUS INFECTION (WNV) --- N
WEST VIRGINIA CHEMICAL SPILL --- 
WESTERN EQUINE ENCEPHALITIS --- N
WHITE PHOSPHORUS --- N
H1N1 in India (2015) --- N
WILDLIFE, INFECTIONS FROM --- N
WINTER STORMS --- N
WISEWOMAN --- N
WISQARS --- N
WOMEN AND VACCINATION --- N
WOMEN WHO HAVE SEX WITH WOMEN (WSW), HEALTH OF --- N
WOMEN'S BLEEDING DISORDERS --- Y
WOMEN'S HEALTH --- Y
WOMEN'S SAFETY AND HEALTH ISSUES AT WORK --- Y
WORK SCHEDULES (SHIFT WORK AND LONG WORK HOURS) --- Y
WORK ZONES (HIGHWAY) --- N
WORKPLACE CLAIMS --- 
WORKPLACE SAFETY & HEALTH --- Y
WORKPLACE VIOLENCE --- Y
WORLD TRADE CENTER RESPONSE (WTC) --- N
X-RAY EXPOSURES FROM AIRPORT SCREENING MACHINES --- 
XYLENE --- N
YABA MONKEY TUMOR VIRUS-NON SENTINEL EVENT --- 
YABA MONKEY TUMOR VIRUS-SENTINEL EVENT --- 
YELLOW FEVER --- N
YELLOW FEVER VACCINE --- N
YERSINIA PESTIS INFECTION --- N
YERSINIOSIS --- N
YOUNG WORKER SAFETY AND HEALTH --- Y
YOUTH --- N
YOUTH RISK BEHAVIORS --- N
YOUTH SUICIDE --- N
YOUTH VIOLENCE --- N
ZIKA FEVER --- 
ZOMBIE CAMPAIGN --- N
ZOONOTIC DISEASES --- N
ZOONOTIC HOOKWORM INFECTION --- N
ZOSTER VIRUS INFECTION --- N
ZYGOMYCOSIS --- N
